SF:/home/vtriple/rome/gguf/src/builder/gguf_builder.rs
FN:89,_RINvMNtNtCs9PFg2kny9HE_4gguf7builder12gguf_builderNtB3_11GGUFBuilder10add_tensorReEB7_
FN:64,_RINvMNtNtCs9PFg2kny9HE_4gguf7builder12gguf_builderNtB3_11GGUFBuilder12add_metadataReNtNtNtB7_6format8metadata13MetadataValueEB7_
FN:209,_RINvMNtNtCs9PFg2kny9HE_4gguf7builder12gguf_builderNtB3_11GGUFBuilder15build_to_writerQINtNtCs6bBekJvxEMJ_5alloc3vec3VechEEB7_
FN:301,_RINvMs_NtNtCs9PFg2kny9HE_4gguf7builder12gguf_builderNtB5_11GGUFBuilder14language_modelReEB9_
FN:287,_RINvMs_NtNtCs9PFg2kny9HE_4gguf7builder12gguf_builderNtB5_11GGUFBuilder6simpleReB1d_EB9_
FN:187,_RNCNvMNtNtCs9PFg2kny9HE_4gguf7builder12gguf_builderNtB4_11GGUFBuilder10has_tensor0B8_
FN:182,_RNCNvMNtNtCs9PFg2kny9HE_4gguf7builder12gguf_builderNtB4_11GGUFBuilder12tensor_names0B8_
FN:192,_RNCNvMNtNtCs9PFg2kny9HE_4gguf7builder12gguf_builderNtB4_11GGUFBuilder13remove_tensor0B8_
FN:177,_RNCNvMNtNtCs9PFg2kny9HE_4gguf7builder12gguf_builderNtB4_11GGUFBuilder17total_tensor_size0B8_
FN:254,_RNCNvMNtNtCs9PFg2kny9HE_4gguf7builder12gguf_builderNtB4_11GGUFBuilder7summary0B8_
FN:264,_RNCNvMNtNtCs9PFg2kny9HE_4gguf7builder12gguf_builderNtB4_11GGUFBuilder7summarys_0B8_
FN:217,_RINvMNtNtCs9PFg2kny9HE_4gguf7builder12gguf_builderNtB3_11GGUFBuilder13build_to_filepEB7_
FN:117,_RINvMNtNtCs9PFg2kny9HE_4gguf7builder12gguf_builderNtB3_11GGUFBuilder20add_tensor_with_datapEB7_
FN:339,_RINvMs_NtNtCs9PFg2kny9HE_4gguf7builder12gguf_builderNtB5_11GGUFBuilder14add_f32_tensorpEB9_
FN:351,_RINvMs_NtNtCs9PFg2kny9HE_4gguf7builder12gguf_builderNtB5_11GGUFBuilder14add_i32_tensorpEB9_
FN:363,_RINvMs_NtNtCs9PFg2kny9HE_4gguf7builder12gguf_builderNtB5_11GGUFBuilder20add_quantized_tensorpEB9_
FN:144,_RNvMNtNtCs9PFg2kny9HE_4gguf7builder12gguf_builderNtB2_11GGUFBuilder11with_config
FN:203,_RNvMNtNtCs9PFg2kny9HE_4gguf7builder12gguf_builderNtB2_11GGUFBuilder14clear_metadata
FN:158,_RNvMNtNtCs9PFg2kny9HE_4gguf7builder12gguf_builderNtB2_11GGUFBuilder15with_validation
FN:150,_RNvMNtNtCs9PFg2kny9HE_4gguf7builder12gguf_builderNtB2_11GGUFBuilder21with_tensor_alignment
FN:314,_RNvMs_NtNtCs9PFg2kny9HE_4gguf7builder12gguf_builderNtB4_11GGUFBuilder14add_vocabulary
FN:329,_RNvMs_NtNtCs9PFg2kny9HE_4gguf7builder12gguf_builderNtB4_11GGUFBuilder21add_output_projection
FN:412,_RNvNtNtNtCs9PFg2kny9HE_4gguf7builder12gguf_builder5testss_15test_add_tensor
FN:403,_RNvNtNtNtCs9PFg2kny9HE_4gguf7builder12gguf_builder5testss_17test_add_metadata
FN:462,_RNvNtNtNtCs9PFg2kny9HE_4gguf7builder12gguf_builder5testss_19test_build_to_bytes
FN:446,_RNvNtNtNtCs9PFg2kny9HE_4gguf7builder12gguf_builder5testss_19test_simple_builder
FN:492,_RNvNtNtNtCs9PFg2kny9HE_4gguf7builder12gguf_builder5testss_20test_summary_display
FN:473,_RNvNtNtNtCs9PFg2kny9HE_4gguf7builder12gguf_builder5testss_22test_tensor_operations
FN:424,_RNvNtNtNtCs9PFg2kny9HE_4gguf7builder12gguf_builder5testss_22test_tensor_validation
FN:433,_RNvNtNtNtCs9PFg2kny9HE_4gguf7builder12gguf_builder5testss_23test_builder_validation
FN:396,_RNvNtNtNtCs9PFg2kny9HE_4gguf7builder12gguf_builder5testss_26test_gguf_builder_creation
FN:452,_RNvNtNtNtCs9PFg2kny9HE_4gguf7builder12gguf_builder5testss_27test_language_model_builder
FN:186,_RNvMNtNtCs9PFg2kny9HE_4gguf7builder12gguf_builderNtB2_11GGUFBuilder10has_tensor
FN:166,_RNvMNtNtCs9PFg2kny9HE_4gguf7builder12gguf_builderNtB2_11GGUFBuilder12tensor_count
FN:181,_RNvMNtNtCs9PFg2kny9HE_4gguf7builder12gguf_builderNtB2_11GGUFBuilder12tensor_names
FN:197,_RNvMNtNtCs9PFg2kny9HE_4gguf7builder12gguf_builderNtB2_11GGUFBuilder13clear_tensors
FN:191,_RNvMNtNtCs9PFg2kny9HE_4gguf7builder12gguf_builderNtB2_11GGUFBuilder13remove_tensor
FN:224,_RNvMNtNtCs9PFg2kny9HE_4gguf7builder12gguf_builderNtB2_11GGUFBuilder14build_to_bytes
FN:171,_RNvMNtNtCs9PFg2kny9HE_4gguf7builder12gguf_builderNtB2_11GGUFBuilder14metadata_count
FN:176,_RNvMNtNtCs9PFg2kny9HE_4gguf7builder12gguf_builderNtB2_11GGUFBuilder17total_tensor_size
FN:59,_RNvMNtNtCs9PFg2kny9HE_4gguf7builder12gguf_builderNtB2_11GGUFBuilder3new
FN:253,_RNvMNtNtCs9PFg2kny9HE_4gguf7builder12gguf_builderNtB2_11GGUFBuilder7summary
FN:231,_RNvMNtNtCs9PFg2kny9HE_4gguf7builder12gguf_builderNtB2_11GGUFBuilder8validate
FN:376,_RNvXs0_NtNtCs9PFg2kny9HE_4gguf7builder12gguf_builderNtB5_18GGUFBuilderSummaryNtNtCs9sjCchOt1K7_4core3fmt7Display3fmt
FNDA:9,_RINvMNtNtCs9PFg2kny9HE_4gguf7builder12gguf_builderNtB3_11GGUFBuilder10add_tensorReEB7_
FNDA:17,_RINvMNtNtCs9PFg2kny9HE_4gguf7builder12gguf_builderNtB3_11GGUFBuilder12add_metadataReNtNtNtB7_6format8metadata13MetadataValueEB7_
FNDA:1,_RINvMNtNtCs9PFg2kny9HE_4gguf7builder12gguf_builderNtB3_11GGUFBuilder15build_to_writerQINtNtCs6bBekJvxEMJ_5alloc3vec3VechEEB7_
FNDA:1,_RINvMs_NtNtCs9PFg2kny9HE_4gguf7builder12gguf_builderNtB5_11GGUFBuilder14language_modelReEB9_
FNDA:4,_RINvMs_NtNtCs9PFg2kny9HE_4gguf7builder12gguf_builderNtB5_11GGUFBuilder6simpleReB1d_EB9_
FNDA:3,_RNCNvMNtNtCs9PFg2kny9HE_4gguf7builder12gguf_builderNtB4_11GGUFBuilder10has_tensor0B8_
FNDA:2,_RNCNvMNtNtCs9PFg2kny9HE_4gguf7builder12gguf_builderNtB4_11GGUFBuilder12tensor_names0B8_
FNDA:2,_RNCNvMNtNtCs9PFg2kny9HE_4gguf7builder12gguf_builderNtB4_11GGUFBuilder13remove_tensor0B8_
FNDA:3,_RNCNvMNtNtCs9PFg2kny9HE_4gguf7builder12gguf_builderNtB4_11GGUFBuilder17total_tensor_size0B8_
FNDA:2,_RNCNvMNtNtCs9PFg2kny9HE_4gguf7builder12gguf_builderNtB4_11GGUFBuilder7summary0B8_
FNDA:2,_RNCNvMNtNtCs9PFg2kny9HE_4gguf7builder12gguf_builderNtB4_11GGUFBuilder7summarys_0B8_
FNDA:0,_RINvMNtNtCs9PFg2kny9HE_4gguf7builder12gguf_builderNtB3_11GGUFBuilder13build_to_filepEB7_
FNDA:0,_RINvMNtNtCs9PFg2kny9HE_4gguf7builder12gguf_builderNtB3_11GGUFBuilder20add_tensor_with_datapEB7_
FNDA:0,_RINvMs_NtNtCs9PFg2kny9HE_4gguf7builder12gguf_builderNtB5_11GGUFBuilder14add_f32_tensorpEB9_
FNDA:0,_RINvMs_NtNtCs9PFg2kny9HE_4gguf7builder12gguf_builderNtB5_11GGUFBuilder14add_i32_tensorpEB9_
FNDA:0,_RINvMs_NtNtCs9PFg2kny9HE_4gguf7builder12gguf_builderNtB5_11GGUFBuilder20add_quantized_tensorpEB9_
FNDA:0,_RNvMNtNtCs9PFg2kny9HE_4gguf7builder12gguf_builderNtB2_11GGUFBuilder11with_config
FNDA:0,_RNvMNtNtCs9PFg2kny9HE_4gguf7builder12gguf_builderNtB2_11GGUFBuilder14clear_metadata
FNDA:0,_RNvMNtNtCs9PFg2kny9HE_4gguf7builder12gguf_builderNtB2_11GGUFBuilder15with_validation
FNDA:0,_RNvMNtNtCs9PFg2kny9HE_4gguf7builder12gguf_builderNtB2_11GGUFBuilder21with_tensor_alignment
FNDA:0,_RNvMs_NtNtCs9PFg2kny9HE_4gguf7builder12gguf_builderNtB4_11GGUFBuilder14add_vocabulary
FNDA:0,_RNvMs_NtNtCs9PFg2kny9HE_4gguf7builder12gguf_builderNtB4_11GGUFBuilder21add_output_projection
FNDA:1,_RNvNtNtNtCs9PFg2kny9HE_4gguf7builder12gguf_builder5testss_15test_add_tensor
FNDA:1,_RNvNtNtNtCs9PFg2kny9HE_4gguf7builder12gguf_builder5testss_17test_add_metadata
FNDA:1,_RNvNtNtNtCs9PFg2kny9HE_4gguf7builder12gguf_builder5testss_19test_build_to_bytes
FNDA:1,_RNvNtNtNtCs9PFg2kny9HE_4gguf7builder12gguf_builder5testss_19test_simple_builder
FNDA:1,_RNvNtNtNtCs9PFg2kny9HE_4gguf7builder12gguf_builder5testss_20test_summary_display
FNDA:1,_RNvNtNtNtCs9PFg2kny9HE_4gguf7builder12gguf_builder5testss_22test_tensor_operations
FNDA:1,_RNvNtNtNtCs9PFg2kny9HE_4gguf7builder12gguf_builder5testss_22test_tensor_validation
FNDA:1,_RNvNtNtNtCs9PFg2kny9HE_4gguf7builder12gguf_builder5testss_23test_builder_validation
FNDA:1,_RNvNtNtNtCs9PFg2kny9HE_4gguf7builder12gguf_builder5testss_26test_gguf_builder_creation
FNDA:1,_RNvNtNtNtCs9PFg2kny9HE_4gguf7builder12gguf_builder5testss_27test_language_model_builder
FNDA:3,_RNvMNtNtCs9PFg2kny9HE_4gguf7builder12gguf_builderNtB2_11GGUFBuilder10has_tensor
FNDA:5,_RNvMNtNtCs9PFg2kny9HE_4gguf7builder12gguf_builderNtB2_11GGUFBuilder12tensor_count
FNDA:2,_RNvMNtNtCs9PFg2kny9HE_4gguf7builder12gguf_builderNtB2_11GGUFBuilder12tensor_names
FNDA:1,_RNvMNtNtCs9PFg2kny9HE_4gguf7builder12gguf_builderNtB2_11GGUFBuilder13clear_tensors
FNDA:1,_RNvMNtNtCs9PFg2kny9HE_4gguf7builder12gguf_builderNtB2_11GGUFBuilder13remove_tensor
FNDA:1,_RNvMNtNtCs9PFg2kny9HE_4gguf7builder12gguf_builderNtB2_11GGUFBuilder14build_to_bytes
FNDA:4,_RNvMNtNtCs9PFg2kny9HE_4gguf7builder12gguf_builderNtB2_11GGUFBuilder14metadata_count
FNDA:3,_RNvMNtNtCs9PFg2kny9HE_4gguf7builder12gguf_builderNtB2_11GGUFBuilder17total_tensor_size
FNDA:10,_RNvMNtNtCs9PFg2kny9HE_4gguf7builder12gguf_builderNtB2_11GGUFBuilder3new
FNDA:2,_RNvMNtNtCs9PFg2kny9HE_4gguf7builder12gguf_builderNtB2_11GGUFBuilder7summary
FNDA:1,_RNvMNtNtCs9PFg2kny9HE_4gguf7builder12gguf_builderNtB2_11GGUFBuilder8validate
FNDA:1,_RNvXs0_NtNtCs9PFg2kny9HE_4gguf7builder12gguf_builderNtB5_18GGUFBuilderSummaryNtNtCs9sjCchOt1K7_4core3fmt7Display3fmt
FNF:44
FNH:33
DA:59,10
DA:60,10
DA:61,10
DA:64,17
DA:65,17
DA:66,17
DA:67,17
DA:68,17
DA:69,17
DA:70,17
DA:71,17
DA:89,9
DA:90,9
DA:91,9
DA:92,9
DA:93,9
DA:94,9
DA:95,9
DA:96,9
DA:97,9
DA:98,9
DA:99,9
DA:100,9
DA:101,9
DA:102,9
DA:103,9
DA:104,9
DA:105,1
DA:106,1
DA:107,1
DA:108,1
DA:109,1
DA:110,8
DA:111,8
DA:112,8
DA:113,8
DA:114,9
DA:117,0
DA:118,0
DA:119,0
DA:120,0
DA:121,0
DA:122,0
DA:123,0
DA:124,0
DA:125,0
DA:126,0
DA:127,0
DA:128,0
DA:129,0
DA:130,0
DA:131,0
DA:132,0
DA:133,0
DA:134,0
DA:135,0
DA:136,0
DA:137,0
DA:138,0
DA:139,0
DA:140,0
DA:141,0
DA:144,0
DA:145,0
DA:146,0
DA:147,0
DA:150,0
DA:151,0
DA:152,0
DA:153,0
DA:154,0
DA:155,0
DA:158,0
DA:159,0
DA:160,0
DA:161,0
DA:162,0
DA:163,0
DA:166,5
DA:167,5
DA:168,5
DA:171,4
DA:172,4
DA:173,4
DA:176,3
DA:177,3
DA:178,3
DA:181,2
DA:182,2
DA:183,2
DA:186,3
DA:187,3
DA:188,3
DA:191,1
DA:192,2
DA:193,1
DA:194,1
DA:197,1
DA:198,1
DA:199,1
DA:200,1
DA:203,0
DA:204,0
DA:205,0
DA:206,0
DA:209,1
DA:210,1
DA:211,1
DA:212,1
DA:213,1
DA:214,1
DA:217,0
DA:218,0
DA:219,0
DA:220,0
DA:221,0
DA:224,1
DA:225,1
DA:226,1
DA:227,1
DA:228,1
DA:231,1
DA:232,1
DA:233,1
DA:234,2
DA:235,2
DA:236,1
DA:237,1
DA:238,1
DA:239,1
DA:240,1
DA:244,0
DA:245,0
DA:246,0
DA:249,0
DA:250,1
DA:253,2
DA:254,2
DA:255,2
DA:256,2
DA:257,2
DA:258,2
DA:259,2
DA:260,2
DA:261,2
DA:262,2
DA:263,2
DA:264,2
DA:265,2
DA:266,2
DA:287,4
DA:288,4
DA:289,4
DA:290,4
DA:291,4
DA:294,4
DA:295,4
DA:296,4
DA:297,4
DA:298,4
DA:301,1
DA:302,1
DA:303,1
DA:304,1
DA:307,1
DA:308,1
DA:309,1
DA:310,1
DA:311,1
DA:314,0
DA:315,0
DA:316,0
DA:317,0
DA:318,0
DA:319,0
DA:320,0
DA:321,0
DA:322,0
DA:323,0
DA:324,0
DA:325,0
DA:326,0
DA:329,0
DA:330,0
DA:331,0
DA:332,0
DA:333,0
DA:334,0
DA:335,0
DA:336,0
DA:339,0
DA:340,0
DA:341,0
DA:342,0
DA:343,0
DA:344,0
DA:347,0
DA:348,0
DA:351,0
DA:352,0
DA:353,0
DA:354,0
DA:355,0
DA:356,0
DA:359,0
DA:360,0
DA:363,0
DA:364,0
DA:365,0
DA:366,0
DA:367,0
DA:368,0
DA:369,0
DA:370,0
DA:371,0
DA:372,0
DA:376,1
DA:377,1
DA:378,1
DA:379,1
DA:380,1
DA:381,1
DA:382,3
DA:383,2
DA:385,1
DA:386,1
DA:387,1
DA:396,1
DA:397,1
DA:398,1
DA:399,1
DA:400,1
DA:403,1
DA:404,1
DA:405,1
DA:406,1
DA:407,1
DA:408,1
DA:409,1
DA:412,1
DA:413,1
DA:414,1
DA:415,1
DA:416,1
DA:417,1
DA:418,1
DA:419,1
DA:420,1
DA:421,1
DA:424,1
DA:425,1
DA:426,1
DA:427,1
DA:428,1
DA:429,1
DA:430,1
DA:433,1
DA:434,1
DA:435,1
DA:436,1
DA:437,1
DA:438,1
DA:439,1
DA:440,1
DA:441,1
DA:442,1
DA:443,1
DA:446,1
DA:447,1
DA:448,1
DA:449,1
DA:452,1
DA:453,1
DA:454,1
DA:456,1
DA:457,1
DA:458,1
DA:459,1
DA:462,1
DA:463,1
DA:464,1
DA:465,1
DA:466,1
DA:467,1
DA:468,1
DA:469,1
DA:470,1
DA:473,1
DA:474,1
DA:475,1
DA:476,1
DA:477,1
DA:478,1
DA:479,1
DA:480,1
DA:482,1
DA:483,1
DA:484,1
DA:485,1
DA:487,1
DA:488,1
DA:489,1
DA:492,1
DA:493,1
DA:494,1
DA:495,1
DA:496,1
DA:497,1
DA:498,1
DA:499,1
DA:500,1
DA:501,1
DA:502,1
DA:503,1
DA:504,1
DA:505,1
BRF:0
BRH:0
LF:323
LH:222
end_of_record
SF:/home/vtriple/rome/gguf/src/builder/metadata_builder.rs
FN:53,_RINvMNtNtCs9PFg2kny9HE_4gguf7builder16metadata_builderNtB3_15MetadataBuilder3addpEB7_
FN:41,_RINvMNtNtCs9PFg2kny9HE_4gguf7builder16metadata_builderNtB3_15MetadataBuilder7add_f32pEB7_
FN:85,_RINvMs_NtNtCs9PFg2kny9HE_4gguf7builder16metadata_builderNtB5_15MetadataBuilder12vision_modelpEB9_
FN:64,_RNvMNtNtCs9PFg2kny9HE_4gguf7builder16metadata_builderNtB2_15MetadataBuilder3len
FN:69,_RNvMNtNtCs9PFg2kny9HE_4gguf7builder16metadata_builderNtB2_15MetadataBuilder8is_empty
FN:18,_RNvMNtNtCs9PFg2kny9HE_4gguf7builder16metadata_builderNtB2_15MetadataBuilder3new
FN:59,_RNvMNtNtCs9PFg2kny9HE_4gguf7builder16metadata_builderNtB2_15MetadataBuilder5build
FN:93,_RNvMs_NtNtCs9PFg2kny9HE_4gguf7builder16metadata_builderNtB4_15MetadataBuilder17with_llama_params
FN:110,_RNvNtNtNtCs9PFg2kny9HE_4gguf7builder16metadata_builder5testss_21test_metadata_builder
FN:124,_RNvNtNtNtCs9PFg2kny9HE_4gguf7builder16metadata_builder5testss_28test_language_model_metadata
FN:23,_RINvMNtNtCs9PFg2kny9HE_4gguf7builder16metadata_builderNtB3_15MetadataBuilder10add_stringReB1o_EB7_
FN:29,_RINvMNtNtCs9PFg2kny9HE_4gguf7builder16metadata_builderNtB3_15MetadataBuilder7add_u32ReEB7_
FN:35,_RINvMNtNtCs9PFg2kny9HE_4gguf7builder16metadata_builderNtB3_15MetadataBuilder7add_u64ReEB7_
FN:47,_RINvMNtNtCs9PFg2kny9HE_4gguf7builder16metadata_builderNtB3_15MetadataBuilder8add_boolReEB7_
FN:77,_RINvMs_NtNtCs9PFg2kny9HE_4gguf7builder16metadata_builderNtB5_15MetadataBuilder14language_modelReEB9_
FNDA:0,_RINvMNtNtCs9PFg2kny9HE_4gguf7builder16metadata_builderNtB3_15MetadataBuilder3addpEB7_
FNDA:0,_RINvMNtNtCs9PFg2kny9HE_4gguf7builder16metadata_builderNtB3_15MetadataBuilder7add_f32pEB7_
FNDA:0,_RINvMs_NtNtCs9PFg2kny9HE_4gguf7builder16metadata_builderNtB5_15MetadataBuilder12vision_modelpEB9_
FNDA:0,_RNvMNtNtCs9PFg2kny9HE_4gguf7builder16metadata_builderNtB2_15MetadataBuilder3len
FNDA:0,_RNvMNtNtCs9PFg2kny9HE_4gguf7builder16metadata_builderNtB2_15MetadataBuilder8is_empty
FNDA:2,_RNvMNtNtCs9PFg2kny9HE_4gguf7builder16metadata_builderNtB2_15MetadataBuilder3new
FNDA:2,_RNvMNtNtCs9PFg2kny9HE_4gguf7builder16metadata_builderNtB2_15MetadataBuilder5build
FNDA:1,_RNvMs_NtNtCs9PFg2kny9HE_4gguf7builder16metadata_builderNtB4_15MetadataBuilder17with_llama_params
FNDA:1,_RNvNtNtNtCs9PFg2kny9HE_4gguf7builder16metadata_builder5testss_21test_metadata_builder
FNDA:1,_RNvNtNtNtCs9PFg2kny9HE_4gguf7builder16metadata_builder5testss_28test_language_model_metadata
FNDA:3,_RINvMNtNtCs9PFg2kny9HE_4gguf7builder16metadata_builderNtB3_15MetadataBuilder10add_stringReB1o_EB7_
FNDA:2,_RINvMNtNtCs9PFg2kny9HE_4gguf7builder16metadata_builderNtB3_15MetadataBuilder7add_u32ReEB7_
FNDA:3,_RINvMNtNtCs9PFg2kny9HE_4gguf7builder16metadata_builderNtB3_15MetadataBuilder7add_u64ReEB7_
FNDA:1,_RINvMNtNtCs9PFg2kny9HE_4gguf7builder16metadata_builderNtB3_15MetadataBuilder8add_boolReEB7_
FNDA:1,_RINvMs_NtNtCs9PFg2kny9HE_4gguf7builder16metadata_builderNtB5_15MetadataBuilder14language_modelReEB9_
FNF:15
FNH:10
DA:18,2
DA:19,2
DA:20,2
DA:23,3
DA:24,3
DA:25,3
DA:26,3
DA:29,2
DA:30,2
DA:31,2
DA:32,2
DA:35,3
DA:36,3
DA:37,3
DA:38,3
DA:41,0
DA:42,0
DA:43,0
DA:44,0
DA:47,1
DA:48,1
DA:49,1
DA:50,1
DA:53,0
DA:54,0
DA:55,0
DA:56,0
DA:59,2
DA:60,2
DA:61,2
DA:64,0
DA:65,0
DA:66,0
DA:69,0
DA:70,0
DA:71,0
DA:77,1
DA:78,1
DA:79,1
DA:80,1
DA:81,1
DA:82,1
DA:85,0
DA:86,0
DA:87,0
DA:88,0
DA:89,0
DA:90,0
DA:93,1
DA:94,1
DA:95,1
DA:96,1
DA:97,1
DA:98,1
DA:99,1
DA:100,1
DA:101,1
DA:102,1
DA:110,1
DA:111,1
DA:112,1
DA:113,1
DA:114,1
DA:115,1
DA:116,1
DA:117,1
DA:118,1
DA:119,1
DA:120,1
DA:121,1
DA:124,1
DA:125,1
DA:126,1
DA:127,1
DA:128,1
DA:129,1
DA:130,1
DA:131,1
BRF:0
BRH:0
LF:78
LH:58
end_of_record
SF:/home/vtriple/rome/gguf/src/builder/tensor_builder.rs
FN:37,_RINvMNtNtCs9PFg2kny9HE_4gguf7builder14tensor_builderNtB3_23TensorCollectionBuilder10add_tensorReEB7_
FN:62,_RINvMNtNtCs9PFg2kny9HE_4gguf7builder14tensor_builderNtB3_23TensorCollectionBuilder15add_tensor_datapEB7_
FN:91,_RNvMNtNtCs9PFg2kny9HE_4gguf7builder14tensor_builderNtB2_23TensorCollectionBuilder3len
FN:101,_RNvMNtNtCs9PFg2kny9HE_4gguf7builder14tensor_builderNtB2_23TensorCollectionBuilder8contains
FN:96,_RNvMNtNtCs9PFg2kny9HE_4gguf7builder14tensor_builderNtB2_23TensorCollectionBuilder8is_empty
FN:177,_RNvMs_NtNtCs9PFg2kny9HE_4gguf7builder14tensor_builderNtB4_14TensorPatterns11bias_vector
FN:191,_RNvMs_NtNtCs9PFg2kny9HE_4gguf7builder14tensor_builderNtB4_14TensorPatterns16embedding_matrix
FN:32,_RNvMNtNtCs9PFg2kny9HE_4gguf7builder14tensor_builderNtB2_23TensorCollectionBuilder3new
FN:86,_RNvMNtNtCs9PFg2kny9HE_4gguf7builder14tensor_builderNtB2_23TensorCollectionBuilder5build
FN:162,_RNvMs_NtNtCs9PFg2kny9HE_4gguf7builder14tensor_builderNtB4_14TensorPatterns13weight_matrix
FN:219,_RNvNtNtNtCs9PFg2kny9HE_4gguf7builder14tensor_builder5testss_20test_tensor_patterns
FN:207,_RNvNtNtNtCs9PFg2kny9HE_4gguf7builder14tensor_builder5testss_30test_tensor_collection_builder
FNDA:2,_RINvMNtNtCs9PFg2kny9HE_4gguf7builder14tensor_builderNtB3_23TensorCollectionBuilder10add_tensorReEB7_
FNDA:0,_RINvMNtNtCs9PFg2kny9HE_4gguf7builder14tensor_builderNtB3_23TensorCollectionBuilder15add_tensor_datapEB7_
FNDA:0,_RNvMNtNtCs9PFg2kny9HE_4gguf7builder14tensor_builderNtB2_23TensorCollectionBuilder3len
FNDA:0,_RNvMNtNtCs9PFg2kny9HE_4gguf7builder14tensor_builderNtB2_23TensorCollectionBuilder8contains
FNDA:0,_RNvMNtNtCs9PFg2kny9HE_4gguf7builder14tensor_builderNtB2_23TensorCollectionBuilder8is_empty
FNDA:0,_RNvMs_NtNtCs9PFg2kny9HE_4gguf7builder14tensor_builderNtB4_14TensorPatterns11bias_vector
FNDA:0,_RNvMs_NtNtCs9PFg2kny9HE_4gguf7builder14tensor_builderNtB4_14TensorPatterns16embedding_matrix
FNDA:1,_RNvMNtNtCs9PFg2kny9HE_4gguf7builder14tensor_builderNtB2_23TensorCollectionBuilder3new
FNDA:1,_RNvMNtNtCs9PFg2kny9HE_4gguf7builder14tensor_builderNtB2_23TensorCollectionBuilder5build
FNDA:1,_RNvMs_NtNtCs9PFg2kny9HE_4gguf7builder14tensor_builderNtB4_14TensorPatterns13weight_matrix
FNDA:1,_RNvNtNtNtCs9PFg2kny9HE_4gguf7builder14tensor_builder5testss_20test_tensor_patterns
FNDA:1,_RNvNtNtNtCs9PFg2kny9HE_4gguf7builder14tensor_builder5testss_30test_tensor_collection_builder
FNF:12
FNH:6
DA:32,1
DA:33,1
DA:34,1
DA:37,2
DA:38,2
DA:39,2
DA:40,2
DA:41,2
DA:42,2
DA:43,2
DA:44,2
DA:45,2
DA:46,2
DA:47,2
DA:48,2
DA:49,2
DA:50,2
DA:51,0
DA:52,0
DA:53,0
DA:54,0
DA:55,2
DA:56,2
DA:57,2
DA:58,2
DA:59,2
DA:62,0
DA:63,0
DA:64,0
DA:65,0
DA:66,0
DA:67,0
DA:68,0
DA:69,0
DA:70,0
DA:71,0
DA:72,0
DA:73,0
DA:74,0
DA:75,0
DA:76,0
DA:77,0
DA:78,0
DA:79,0
DA:80,0
DA:81,0
DA:82,0
DA:83,0
DA:86,1
DA:87,1
DA:88,1
DA:91,0
DA:92,0
DA:93,0
DA:96,0
DA:97,0
DA:98,0
DA:101,0
DA:102,0
DA:103,0
DA:162,1
DA:163,1
DA:164,1
DA:165,1
DA:166,1
DA:167,1
DA:168,1
DA:169,1
DA:170,1
DA:171,1
DA:172,1
DA:173,1
DA:177,0
DA:178,0
DA:179,0
DA:180,0
DA:181,0
DA:182,0
DA:183,0
DA:184,0
DA:185,0
DA:186,0
DA:187,0
DA:191,0
DA:192,0
DA:193,0
DA:194,0
DA:195,0
DA:196,0
DA:197,0
DA:198,0
DA:199,0
DA:207,1
DA:208,1
DA:209,1
DA:210,1
DA:211,1
DA:212,1
DA:213,1
DA:214,1
DA:215,1
DA:216,1
DA:219,1
DA:220,1
DA:221,1
DA:222,1
DA:223,1
DA:224,1
DA:225,1
DA:226,1
DA:227,1
DA:228,1
DA:229,1
DA:230,1
DA:231,1
DA:232,1
BRF:0
BRH:0
LF:116
LH:61
end_of_record
SF:/home/vtriple/rome/gguf/src/format/alignment.rs
FN:138,_RNvMNtNtCs9PFg2kny9HE_4gguf6format9alignmentNtB2_13AlignmentInfo11new_default
FN:235,_RNvMs0_NtNtCs9PFg2kny9HE_4gguf6format9alignmentNtB5_16AlignmentTracker13is_aligned_to
FN:206,_RNvMs0_NtNtCs9PFg2kny9HE_4gguf6format9alignmentNtB5_16AlignmentTracker21calculate_padding_for
FN:225,_RNvMs0_NtNtCs9PFg2kny9HE_4gguf6format9alignmentNtB5_16AlignmentTracker22current_alignment_info
FN:218,_RNvMs0_NtNtCs9PFg2kny9HE_4gguf6format9alignmentNtB5_16AlignmentTracker8align_to
FN:143,_RNvMNtNtCs9PFg2kny9HE_4gguf6format9alignmentNtB2_13AlignmentInfo13needs_padding
FN:148,_RNvMNtNtCs9PFg2kny9HE_4gguf6format9alignmentNtB2_13AlignmentInfo13padding_bytes
FN:130,_RNvMNtNtCs9PFg2kny9HE_4gguf6format9alignmentNtB2_13AlignmentInfo3new
FN:230,_RNvMs0_NtNtCs9PFg2kny9HE_4gguf6format9alignmentNtB5_16AlignmentTracker10is_aligned
FN:191,_RNvMs0_NtNtCs9PFg2kny9HE_4gguf6format9alignmentNtB5_16AlignmentTracker11new_default
FN:211,_RNvMs0_NtNtCs9PFg2kny9HE_4gguf6format9alignmentNtB5_16AlignmentTracker13align_default
FN:201,_RNvMs0_NtNtCs9PFg2kny9HE_4gguf6format9alignmentNtB5_16AlignmentTracker17calculate_padding
FN:186,_RNvMs0_NtNtCs9PFg2kny9HE_4gguf6format9alignmentNtB5_16AlignmentTracker3new
FN:196,_RNvMs0_NtNtCs9PFg2kny9HE_4gguf6format9alignmentNtB5_16AlignmentTracker7advance
FN:42,_RNvNtNtCs9PFg2kny9HE_4gguf6format9alignment10is_aligned
FN:60,_RNvNtNtCs9PFg2kny9HE_4gguf6format9alignment12aligned_size
FN:55,_RNvNtNtCs9PFg2kny9HE_4gguf6format9alignment14create_padding
FN:84,_RNvNtNtCs9PFg2kny9HE_4gguf6format9alignment15next_power_of_2
FN:32,_RNvNtNtCs9PFg2kny9HE_4gguf6format9alignment16align_to_default
FN:13,_RNvNtNtCs9PFg2kny9HE_4gguf6format9alignment17calculate_padding
FN:50,_RNvNtNtCs9PFg2kny9HE_4gguf6format9alignment18is_aligned_default
FN:79,_RNvNtNtCs9PFg2kny9HE_4gguf6format9alignment18is_valid_alignment
FN:74,_RNvNtNtCs9PFg2kny9HE_4gguf6format9alignment20aligned_size_default
FN:37,_RNvNtNtCs9PFg2kny9HE_4gguf6format9alignment25calculate_default_padding
FN:27,_RNvNtNtCs9PFg2kny9HE_4gguf6format9alignment8align_to
FN:155,_RNvXs_NtNtCs9PFg2kny9HE_4gguf6format9alignmentNtB4_13AlignmentInfoNtNtCs9sjCchOt1K7_4core3fmt7Display3fmt
FN:258,_RNvNtNtNtCs9PFg2kny9HE_4gguf6format9alignment5testss_13test_align_to
FN:267,_RNvNtNtNtCs9PFg2kny9HE_4gguf6format9alignment5testss_15test_is_aligned
FN:280,_RNvNtNtNtCs9PFg2kny9HE_4gguf6format9alignment5testss_17test_aligned_size
FN:318,_RNvNtNtNtCs9PFg2kny9HE_4gguf6format9alignment5testss_19test_alignment_info
FN:358,_RNvNtNtNtCs9PFg2kny9HE_4gguf6format9alignment5testss_19test_create_padding
FN:305,_RNvNtNtNtCs9PFg2kny9HE_4gguf6format9alignment5testss_20test_next_power_of_2
FN:332,_RNvNtNtNtCs9PFg2kny9HE_4gguf6format9alignment5testss_22test_alignment_tracker
FN:245,_RNvNtNtNtCs9PFg2kny9HE_4gguf6format9alignment5testss_22test_calculate_padding
FN:289,_RNvNtNtNtCs9PFg2kny9HE_4gguf6format9alignment5testss_23test_is_valid_alignment
FN:368,_RNvNtNtNtCs9PFg2kny9HE_4gguf6format9alignment5testss_27test_alignment_info_display
FN:349,_RNvNtNtNtCs9PFg2kny9HE_4gguf6format9alignment5testss_32test_default_alignment_functions
FNDA:0,_RNvMNtNtCs9PFg2kny9HE_4gguf6format9alignmentNtB2_13AlignmentInfo11new_default
FNDA:0,_RNvMs0_NtNtCs9PFg2kny9HE_4gguf6format9alignmentNtB5_16AlignmentTracker13is_aligned_to
FNDA:0,_RNvMs0_NtNtCs9PFg2kny9HE_4gguf6format9alignmentNtB5_16AlignmentTracker21calculate_padding_for
FNDA:0,_RNvMs0_NtNtCs9PFg2kny9HE_4gguf6format9alignmentNtB5_16AlignmentTracker22current_alignment_info
FNDA:0,_RNvMs0_NtNtCs9PFg2kny9HE_4gguf6format9alignmentNtB5_16AlignmentTracker8align_to
FNDA:12,_RNvMNtNtCs9PFg2kny9HE_4gguf6format9alignmentNtB2_13AlignmentInfo13needs_padding
FNDA:10,_RNvMNtNtCs9PFg2kny9HE_4gguf6format9alignmentNtB2_13AlignmentInfo13padding_bytes
FNDA:14,_RNvMNtNtCs9PFg2kny9HE_4gguf6format9alignmentNtB2_13AlignmentInfo3new
FNDA:3,_RNvMs0_NtNtCs9PFg2kny9HE_4gguf6format9alignmentNtB5_16AlignmentTracker10is_aligned
FNDA:1,_RNvMs0_NtNtCs9PFg2kny9HE_4gguf6format9alignmentNtB5_16AlignmentTracker11new_default
FNDA:11,_RNvMs0_NtNtCs9PFg2kny9HE_4gguf6format9alignmentNtB5_16AlignmentTracker13align_default
FNDA:1,_RNvMs0_NtNtCs9PFg2kny9HE_4gguf6format9alignmentNtB5_16AlignmentTracker17calculate_padding
FNDA:19,_RNvMs0_NtNtCs9PFg2kny9HE_4gguf6format9alignmentNtB5_16AlignmentTracker3new
FNDA:51,_RNvMs0_NtNtCs9PFg2kny9HE_4gguf6format9alignmentNtB5_16AlignmentTracker7advance
FNDA:12,_RNvNtNtCs9PFg2kny9HE_4gguf6format9alignment10is_aligned
FNDA:6,_RNvNtNtCs9PFg2kny9HE_4gguf6format9alignment12aligned_size
FNDA:12,_RNvNtNtCs9PFg2kny9HE_4gguf6format9alignment14create_padding
FNDA:9,_RNvNtNtCs9PFg2kny9HE_4gguf6format9alignment15next_power_of_2
FNDA:10,_RNvNtNtCs9PFg2kny9HE_4gguf6format9alignment16align_to_default
FNDA:49,_RNvNtNtCs9PFg2kny9HE_4gguf6format9alignment17calculate_padding
FNDA:2,_RNvNtNtCs9PFg2kny9HE_4gguf6format9alignment18is_aligned_default
FNDA:11,_RNvNtNtCs9PFg2kny9HE_4gguf6format9alignment18is_valid_alignment
FNDA:1,_RNvNtNtCs9PFg2kny9HE_4gguf6format9alignment20aligned_size_default
FNDA:12,_RNvNtNtCs9PFg2kny9HE_4gguf6format9alignment25calculate_default_padding
FNDA:15,_RNvNtNtCs9PFg2kny9HE_4gguf6format9alignment8align_to
FNDA:1,_RNvXs_NtNtCs9PFg2kny9HE_4gguf6format9alignmentNtB4_13AlignmentInfoNtNtCs9sjCchOt1K7_4core3fmt7Display3fmt
FNDA:1,_RNvNtNtNtCs9PFg2kny9HE_4gguf6format9alignment5testss_13test_align_to
FNDA:1,_RNvNtNtNtCs9PFg2kny9HE_4gguf6format9alignment5testss_15test_is_aligned
FNDA:1,_RNvNtNtNtCs9PFg2kny9HE_4gguf6format9alignment5testss_17test_aligned_size
FNDA:1,_RNvNtNtNtCs9PFg2kny9HE_4gguf6format9alignment5testss_19test_alignment_info
FNDA:1,_RNvNtNtNtCs9PFg2kny9HE_4gguf6format9alignment5testss_19test_create_padding
FNDA:1,_RNvNtNtNtCs9PFg2kny9HE_4gguf6format9alignment5testss_20test_next_power_of_2
FNDA:1,_RNvNtNtNtCs9PFg2kny9HE_4gguf6format9alignment5testss_22test_alignment_tracker
FNDA:1,_RNvNtNtNtCs9PFg2kny9HE_4gguf6format9alignment5testss_22test_calculate_padding
FNDA:1,_RNvNtNtNtCs9PFg2kny9HE_4gguf6format9alignment5testss_23test_is_valid_alignment
FNDA:1,_RNvNtNtNtCs9PFg2kny9HE_4gguf6format9alignment5testss_27test_alignment_info_display
FNDA:1,_RNvNtNtNtCs9PFg2kny9HE_4gguf6format9alignment5testss_32test_default_alignment_functions
FNF:37
FNH:32
DA:13,49
DA:14,49
DA:15,2
DA:16,47
DA:17,47
DA:18,47
DA:19,47
DA:20,5
DA:22,42
DA:24,49
DA:27,15
DA:28,15
DA:29,15
DA:32,10
DA:33,10
DA:34,10
DA:37,12
DA:38,12
DA:39,12
DA:42,12
DA:43,12
DA:44,2
DA:45,10
DA:46,10
DA:47,12
DA:50,2
DA:51,2
DA:52,2
DA:55,12
DA:56,12
DA:57,12
DA:60,6
DA:61,6
DA:62,0
DA:63,6
DA:64,6
DA:65,6
DA:66,6
DA:67,2
DA:69,4
DA:71,6
DA:74,1
DA:75,1
DA:76,1
DA:79,11
DA:80,11
DA:81,11
DA:84,9
DA:85,9
DA:86,1
DA:87,8
DA:88,8
DA:89,8
DA:90,4
DA:91,4
DA:92,4
DA:93,4
DA:94,4
DA:95,4
DA:96,4
DA:97,4
DA:98,4
DA:99,4
DA:100,4
DA:101,4
DA:102,4
DA:103,4
DA:104,4
DA:112,4
DA:113,9
DA:130,14
DA:131,14
DA:132,14
DA:133,14
DA:134,14
DA:135,14
DA:138,0
DA:139,0
DA:140,0
DA:143,12
DA:144,12
DA:145,12
DA:148,10
DA:149,10
DA:150,10
DA:155,1
DA:156,1
DA:157,1
DA:158,1
DA:159,1
DA:160,1
DA:161,1
DA:186,19
DA:187,19
DA:188,19
DA:191,1
DA:192,1
DA:193,1
DA:196,51
DA:197,51
DA:198,51
DA:201,1
DA:202,1
DA:203,1
DA:206,0
DA:207,0
DA:208,0
DA:211,11
DA:212,11
DA:213,11
DA:214,11
DA:215,11
DA:218,0
DA:219,0
DA:220,0
DA:221,0
DA:222,0
DA:225,0
DA:226,0
DA:227,0
DA:230,3
DA:231,3
DA:232,3
DA:235,0
DA:236,0
DA:237,0
DA:245,1
DA:246,1
DA:247,1
DA:248,1
DA:249,1
DA:250,1
DA:253,1
DA:254,1
DA:255,1
DA:258,1
DA:259,1
DA:260,1
DA:261,1
DA:262,1
DA:263,1
DA:264,1
DA:267,1
DA:268,1
DA:269,1
DA:270,1
DA:271,1
DA:272,1
DA:275,1
DA:276,1
DA:277,1
DA:280,1
DA:281,1
DA:282,1
DA:283,1
DA:284,1
DA:285,1
DA:286,1
DA:289,1
DA:290,1
DA:291,1
DA:292,1
DA:293,1
DA:294,1
DA:295,1
DA:297,1
DA:298,1
DA:299,1
DA:300,1
DA:301,1
DA:302,1
DA:305,1
DA:306,1
DA:307,1
DA:308,1
DA:309,1
DA:310,1
DA:311,1
DA:312,1
DA:313,1
DA:314,1
DA:315,1
DA:318,1
DA:319,1
DA:320,1
DA:321,1
DA:322,1
DA:323,1
DA:324,1
DA:326,1
DA:327,1
DA:328,1
DA:329,1
DA:332,1
DA:333,1
DA:334,1
DA:335,1
DA:337,1
DA:338,1
DA:339,1
DA:340,1
DA:342,1
DA:343,1
DA:344,1
DA:345,1
DA:346,1
DA:349,1
DA:350,1
DA:351,1
DA:352,1
DA:353,1
DA:354,1
DA:355,1
DA:358,1
DA:359,1
DA:360,1
DA:361,1
DA:363,1
DA:364,1
DA:365,1
DA:368,1
DA:369,1
DA:370,1
DA:371,1
DA:372,1
DA:373,1
DA:374,1
BRF:0
BRH:0
LF:227
LH:209
end_of_record
SF:/home/vtriple/rome/gguf/src/format/constants.rs
FN:36,_RNvNtNtNtCs9PFg2kny9HE_4gguf6format9constants5testss_14test_constants
FN:29,_RNvNtNtNtCs9PFg2kny9HE_4gguf6format9constants5testss_17test_magic_number
FNDA:1,_RNvNtNtNtCs9PFg2kny9HE_4gguf6format9constants5testss_14test_constants
FNDA:1,_RNvNtNtNtCs9PFg2kny9HE_4gguf6format9constants5testss_17test_magic_number
FNF:2
FNH:2
DA:29,1
DA:30,1
DA:31,1
DA:32,1
DA:33,1
DA:36,1
DA:37,1
DA:38,1
DA:39,1
DA:40,1
BRF:0
BRH:0
LF:10
LH:10
end_of_record
SF:/home/vtriple/rome/gguf/src/format/endian.rs
FN:82,_RINvNtNtCs9PFg2kny9HE_4gguf6format6endian7read_i8INtNtNtCseJswNlh1fGO_3std2io6cursor6CursorINtNtCs6bBekJvxEMJ_5alloc3vec3VechEEEB6_
FN:82,_RINvNtNtCs9PFg2kny9HE_4gguf6format6endian7read_i8INtNtNtNtCseJswNlh1fGO_3std2io8buffered9bufreader9BufReaderINtNtBS_6cursor6CursorINtNtCs6bBekJvxEMJ_5alloc3vec3VechEEEEB6_
FN:74,_RINvNtNtCs9PFg2kny9HE_4gguf6format6endian7read_u8INtNtNtCseJswNlh1fGO_3std2io6cursor6CursorINtNtCs6bBekJvxEMJ_5alloc3vec3VechEEEB6_
FN:74,_RINvNtNtCs9PFg2kny9HE_4gguf6format6endian7read_u8INtNtNtNtCseJswNlh1fGO_3std2io8buffered9bufreader9BufReaderINtNtBS_6cursor6CursorINtNtCs6bBekJvxEMJ_5alloc3vec3VechEEEEB6_
FN:26,_RINvNtNtCs9PFg2kny9HE_4gguf6format6endian8read_f32INtNtNtCseJswNlh1fGO_3std2io6cursor6CursorINtNtCs6bBekJvxEMJ_5alloc3vec3VechEEEB6_
FN:26,_RINvNtNtCs9PFg2kny9HE_4gguf6format6endian8read_f32INtNtNtNtCseJswNlh1fGO_3std2io8buffered9bufreader9BufReaderINtNtBT_6cursor6CursorINtNtCs6bBekJvxEMJ_5alloc3vec3VechEEEEB6_
FN:34,_RINvNtNtCs9PFg2kny9HE_4gguf6format6endian8read_f64INtNtNtCseJswNlh1fGO_3std2io6cursor6CursorINtNtCs6bBekJvxEMJ_5alloc3vec3VechEEEB6_
FN:34,_RINvNtNtCs9PFg2kny9HE_4gguf6format6endian8read_f64INtNtNtNtCseJswNlh1fGO_3std2io8buffered9bufreader9BufReaderINtNtBT_6cursor6CursorINtNtCs6bBekJvxEMJ_5alloc3vec3VechEEEEB6_
FN:50,_RINvNtNtCs9PFg2kny9HE_4gguf6format6endian8read_i16INtNtNtCseJswNlh1fGO_3std2io6cursor6CursorINtNtCs6bBekJvxEMJ_5alloc3vec3VechEEEB6_
FN:50,_RINvNtNtCs9PFg2kny9HE_4gguf6format6endian8read_i16INtNtNtNtCseJswNlh1fGO_3std2io8buffered9bufreader9BufReaderINtNtBT_6cursor6CursorINtNtCs6bBekJvxEMJ_5alloc3vec3VechEEEEB6_
FN:58,_RINvNtNtCs9PFg2kny9HE_4gguf6format6endian8read_i32INtNtNtCseJswNlh1fGO_3std2io6cursor6CursorINtNtCs6bBekJvxEMJ_5alloc3vec3VechEEEB6_
FN:58,_RINvNtNtCs9PFg2kny9HE_4gguf6format6endian8read_i32INtNtNtNtCseJswNlh1fGO_3std2io8buffered9bufreader9BufReaderINtNtBT_6cursor6CursorINtNtCs6bBekJvxEMJ_5alloc3vec3VechEEEEB6_
FN:66,_RINvNtNtCs9PFg2kny9HE_4gguf6format6endian8read_i64INtNtNtCseJswNlh1fGO_3std2io6cursor6CursorINtNtCs6bBekJvxEMJ_5alloc3vec3VechEEEB6_
FN:66,_RINvNtNtCs9PFg2kny9HE_4gguf6format6endian8read_i64INtNtNtNtCseJswNlh1fGO_3std2io8buffered9bufreader9BufReaderINtNtBT_6cursor6CursorINtNtCs6bBekJvxEMJ_5alloc3vec3VechEEEEB6_
FN:42,_RINvNtNtCs9PFg2kny9HE_4gguf6format6endian8read_u16INtNtNtCseJswNlh1fGO_3std2io6cursor6CursorINtNtCs6bBekJvxEMJ_5alloc3vec3VechEEEB6_
FN:42,_RINvNtNtCs9PFg2kny9HE_4gguf6format6endian8read_u16INtNtNtNtCseJswNlh1fGO_3std2io8buffered9bufreader9BufReaderINtNtBT_6cursor6CursorINtNtCs6bBekJvxEMJ_5alloc3vec3VechEEEEB6_
FN:10,_RINvNtNtCs9PFg2kny9HE_4gguf6format6endian8read_u32INtNtNtCseJswNlh1fGO_3std2io6cursor6CursorINtNtCs6bBekJvxEMJ_5alloc3vec3VechEEEB6_
FN:10,_RINvNtNtCs9PFg2kny9HE_4gguf6format6endian8read_u32INtNtNtNtCseJswNlh1fGO_3std2io8buffered9bufreader9BufReaderINtNtBT_6cursor6CursorINtNtCs6bBekJvxEMJ_5alloc3vec3VechEEEEB6_
FN:18,_RINvNtNtCs9PFg2kny9HE_4gguf6format6endian8read_u64INtNtNtCseJswNlh1fGO_3std2io6cursor6CursorINtNtCs6bBekJvxEMJ_5alloc3vec3VechEEEB6_
FN:18,_RINvNtNtCs9PFg2kny9HE_4gguf6format6endian8read_u64INtNtNtNtCseJswNlh1fGO_3std2io8buffered9bufreader9BufReaderINtNtBT_6cursor6CursorINtNtCs6bBekJvxEMJ_5alloc3vec3VechEEEEB6_
FN:144,_RINvNtNtCs9PFg2kny9HE_4gguf6format6endian8write_i8INtNtCs6bBekJvxEMJ_5alloc3vec3VechEEB6_
FN:144,_RINvNtNtCs9PFg2kny9HE_4gguf6format6endian8write_i8INtNtNtNtCseJswNlh1fGO_3std2io8buffered9bufwriter9BufWriterNtNtBV_2fs4FileEEB6_
FN:144,_RINvNtNtCs9PFg2kny9HE_4gguf6format6endian8write_i8QINtNtCs6bBekJvxEMJ_5alloc3vec3VechEEB6_
FN:138,_RINvNtNtCs9PFg2kny9HE_4gguf6format6endian8write_u8INtNtCs6bBekJvxEMJ_5alloc3vec3VechEEB6_
FN:138,_RINvNtNtCs9PFg2kny9HE_4gguf6format6endian8write_u8INtNtNtNtCseJswNlh1fGO_3std2io8buffered9bufwriter9BufWriterNtNtBV_2fs4FileEEB6_
FN:138,_RINvNtNtCs9PFg2kny9HE_4gguf6format6endian8write_u8QINtNtCs6bBekJvxEMJ_5alloc3vec3VechEEB6_
FN:102,_RINvNtNtCs9PFg2kny9HE_4gguf6format6endian9write_f32INtNtCs6bBekJvxEMJ_5alloc3vec3VechEEB6_
FN:102,_RINvNtNtCs9PFg2kny9HE_4gguf6format6endian9write_f32INtNtNtNtCseJswNlh1fGO_3std2io8buffered9bufwriter9BufWriterNtNtBW_2fs4FileEEB6_
FN:102,_RINvNtNtCs9PFg2kny9HE_4gguf6format6endian9write_f32QINtNtCs6bBekJvxEMJ_5alloc3vec3VechEEB6_
FN:108,_RINvNtNtCs9PFg2kny9HE_4gguf6format6endian9write_f64INtNtCs6bBekJvxEMJ_5alloc3vec3VechEEB6_
FN:108,_RINvNtNtCs9PFg2kny9HE_4gguf6format6endian9write_f64INtNtNtNtCseJswNlh1fGO_3std2io8buffered9bufwriter9BufWriterNtNtBW_2fs4FileEEB6_
FN:108,_RINvNtNtCs9PFg2kny9HE_4gguf6format6endian9write_f64QINtNtCs6bBekJvxEMJ_5alloc3vec3VechEEB6_
FN:120,_RINvNtNtCs9PFg2kny9HE_4gguf6format6endian9write_i16INtNtCs6bBekJvxEMJ_5alloc3vec3VechEEB6_
FN:120,_RINvNtNtCs9PFg2kny9HE_4gguf6format6endian9write_i16INtNtNtNtCseJswNlh1fGO_3std2io8buffered9bufwriter9BufWriterNtNtBW_2fs4FileEEB6_
FN:120,_RINvNtNtCs9PFg2kny9HE_4gguf6format6endian9write_i16QINtNtCs6bBekJvxEMJ_5alloc3vec3VechEEB6_
FN:126,_RINvNtNtCs9PFg2kny9HE_4gguf6format6endian9write_i32INtNtCs6bBekJvxEMJ_5alloc3vec3VechEEB6_
FN:126,_RINvNtNtCs9PFg2kny9HE_4gguf6format6endian9write_i32INtNtNtNtCseJswNlh1fGO_3std2io8buffered9bufwriter9BufWriterNtNtBW_2fs4FileEEB6_
FN:126,_RINvNtNtCs9PFg2kny9HE_4gguf6format6endian9write_i32QINtNtCs6bBekJvxEMJ_5alloc3vec3VechEEB6_
FN:132,_RINvNtNtCs9PFg2kny9HE_4gguf6format6endian9write_i64INtNtCs6bBekJvxEMJ_5alloc3vec3VechEEB6_
FN:132,_RINvNtNtCs9PFg2kny9HE_4gguf6format6endian9write_i64INtNtNtNtCseJswNlh1fGO_3std2io8buffered9bufwriter9BufWriterNtNtBW_2fs4FileEEB6_
FN:132,_RINvNtNtCs9PFg2kny9HE_4gguf6format6endian9write_i64QINtNtCs6bBekJvxEMJ_5alloc3vec3VechEEB6_
FN:114,_RINvNtNtCs9PFg2kny9HE_4gguf6format6endian9write_u16INtNtCs6bBekJvxEMJ_5alloc3vec3VechEEB6_
FN:114,_RINvNtNtCs9PFg2kny9HE_4gguf6format6endian9write_u16INtNtNtNtCseJswNlh1fGO_3std2io8buffered9bufwriter9BufWriterNtNtBW_2fs4FileEEB6_
FN:114,_RINvNtNtCs9PFg2kny9HE_4gguf6format6endian9write_u16QINtNtCs6bBekJvxEMJ_5alloc3vec3VechEEB6_
FN:90,_RINvNtNtCs9PFg2kny9HE_4gguf6format6endian9write_u32INtNtCs6bBekJvxEMJ_5alloc3vec3VechEEB6_
FN:90,_RINvNtNtCs9PFg2kny9HE_4gguf6format6endian9write_u32INtNtNtNtCseJswNlh1fGO_3std2io8buffered9bufwriter9BufWriterNtNtBW_2fs4FileEEB6_
FN:90,_RINvNtNtCs9PFg2kny9HE_4gguf6format6endian9write_u32QINtNtCs6bBekJvxEMJ_5alloc3vec3VechEEB6_
FN:96,_RINvNtNtCs9PFg2kny9HE_4gguf6format6endian9write_u64INtNtCs6bBekJvxEMJ_5alloc3vec3VechEEB6_
FN:96,_RINvNtNtCs9PFg2kny9HE_4gguf6format6endian9write_u64INtNtNtNtCseJswNlh1fGO_3std2io8buffered9bufwriter9BufWriterNtNtBW_2fs4FileEEB6_
FN:96,_RINvNtNtCs9PFg2kny9HE_4gguf6format6endian9write_u64QINtNtCs6bBekJvxEMJ_5alloc3vec3VechEEB6_
FNDA:0,_RINvNtNtCs9PFg2kny9HE_4gguf6format6endian7read_i8INtNtNtCseJswNlh1fGO_3std2io6cursor6CursorINtNtCs6bBekJvxEMJ_5alloc3vec3VechEEEB6_
FNDA:0,_RINvNtNtCs9PFg2kny9HE_4gguf6format6endian7read_i8INtNtNtNtCseJswNlh1fGO_3std2io8buffered9bufreader9BufReaderINtNtBS_6cursor6CursorINtNtCs6bBekJvxEMJ_5alloc3vec3VechEEEEB6_
FNDA:0,_RINvNtNtCs9PFg2kny9HE_4gguf6format6endian7read_u8INtNtNtCseJswNlh1fGO_3std2io6cursor6CursorINtNtCs6bBekJvxEMJ_5alloc3vec3VechEEEB6_
FNDA:0,_RINvNtNtCs9PFg2kny9HE_4gguf6format6endian7read_u8INtNtNtNtCseJswNlh1fGO_3std2io8buffered9bufreader9BufReaderINtNtBS_6cursor6CursorINtNtCs6bBekJvxEMJ_5alloc3vec3VechEEEEB6_
FNDA:1,_RINvNtNtCs9PFg2kny9HE_4gguf6format6endian8read_f32INtNtNtCseJswNlh1fGO_3std2io6cursor6CursorINtNtCs6bBekJvxEMJ_5alloc3vec3VechEEEB6_
FNDA:0,_RINvNtNtCs9PFg2kny9HE_4gguf6format6endian8read_f32INtNtNtNtCseJswNlh1fGO_3std2io8buffered9bufreader9BufReaderINtNtBT_6cursor6CursorINtNtCs6bBekJvxEMJ_5alloc3vec3VechEEEEB6_
FNDA:0,_RINvNtNtCs9PFg2kny9HE_4gguf6format6endian8read_f64INtNtNtCseJswNlh1fGO_3std2io6cursor6CursorINtNtCs6bBekJvxEMJ_5alloc3vec3VechEEEB6_
FNDA:0,_RINvNtNtCs9PFg2kny9HE_4gguf6format6endian8read_f64INtNtNtNtCseJswNlh1fGO_3std2io8buffered9bufreader9BufReaderINtNtBT_6cursor6CursorINtNtCs6bBekJvxEMJ_5alloc3vec3VechEEEEB6_
FNDA:0,_RINvNtNtCs9PFg2kny9HE_4gguf6format6endian8read_i16INtNtNtCseJswNlh1fGO_3std2io6cursor6CursorINtNtCs6bBekJvxEMJ_5alloc3vec3VechEEEB6_
FNDA:0,_RINvNtNtCs9PFg2kny9HE_4gguf6format6endian8read_i16INtNtNtNtCseJswNlh1fGO_3std2io8buffered9bufreader9BufReaderINtNtBT_6cursor6CursorINtNtCs6bBekJvxEMJ_5alloc3vec3VechEEEEB6_
FNDA:3,_RINvNtNtCs9PFg2kny9HE_4gguf6format6endian8read_i32INtNtNtCseJswNlh1fGO_3std2io6cursor6CursorINtNtCs6bBekJvxEMJ_5alloc3vec3VechEEEB6_
FNDA:0,_RINvNtNtCs9PFg2kny9HE_4gguf6format6endian8read_i32INtNtNtNtCseJswNlh1fGO_3std2io8buffered9bufreader9BufReaderINtNtBT_6cursor6CursorINtNtCs6bBekJvxEMJ_5alloc3vec3VechEEEEB6_
FNDA:0,_RINvNtNtCs9PFg2kny9HE_4gguf6format6endian8read_i64INtNtNtCseJswNlh1fGO_3std2io6cursor6CursorINtNtCs6bBekJvxEMJ_5alloc3vec3VechEEEB6_
FNDA:0,_RINvNtNtCs9PFg2kny9HE_4gguf6format6endian8read_i64INtNtNtNtCseJswNlh1fGO_3std2io8buffered9bufreader9BufReaderINtNtBT_6cursor6CursorINtNtCs6bBekJvxEMJ_5alloc3vec3VechEEEEB6_
FNDA:0,_RINvNtNtCs9PFg2kny9HE_4gguf6format6endian8read_u16INtNtNtCseJswNlh1fGO_3std2io6cursor6CursorINtNtCs6bBekJvxEMJ_5alloc3vec3VechEEEB6_
FNDA:0,_RINvNtNtCs9PFg2kny9HE_4gguf6format6endian8read_u16INtNtNtNtCseJswNlh1fGO_3std2io8buffered9bufreader9BufReaderINtNtBT_6cursor6CursorINtNtCs6bBekJvxEMJ_5alloc3vec3VechEEEEB6_
FNDA:126,_RINvNtNtCs9PFg2kny9HE_4gguf6format6endian8read_u32INtNtNtCseJswNlh1fGO_3std2io6cursor6CursorINtNtCs6bBekJvxEMJ_5alloc3vec3VechEEEB6_
FNDA:7,_RINvNtNtCs9PFg2kny9HE_4gguf6format6endian8read_u32INtNtNtNtCseJswNlh1fGO_3std2io8buffered9bufreader9BufReaderINtNtBT_6cursor6CursorINtNtCs6bBekJvxEMJ_5alloc3vec3VechEEEEB6_
FNDA:189,_RINvNtNtCs9PFg2kny9HE_4gguf6format6endian8read_u64INtNtNtCseJswNlh1fGO_3std2io6cursor6CursorINtNtCs6bBekJvxEMJ_5alloc3vec3VechEEEB6_
FNDA:10,_RINvNtNtCs9PFg2kny9HE_4gguf6format6endian8read_u64INtNtNtNtCseJswNlh1fGO_3std2io8buffered9bufreader9BufReaderINtNtBT_6cursor6CursorINtNtCs6bBekJvxEMJ_5alloc3vec3VechEEEEB6_
FNDA:0,_RINvNtNtCs9PFg2kny9HE_4gguf6format6endian8write_i8INtNtCs6bBekJvxEMJ_5alloc3vec3VechEEB6_
FNDA:0,_RINvNtNtCs9PFg2kny9HE_4gguf6format6endian8write_i8INtNtNtNtCseJswNlh1fGO_3std2io8buffered9bufwriter9BufWriterNtNtBV_2fs4FileEEB6_
FNDA:0,_RINvNtNtCs9PFg2kny9HE_4gguf6format6endian8write_i8QINtNtCs6bBekJvxEMJ_5alloc3vec3VechEEB6_
FNDA:0,_RINvNtNtCs9PFg2kny9HE_4gguf6format6endian8write_u8INtNtCs6bBekJvxEMJ_5alloc3vec3VechEEB6_
FNDA:0,_RINvNtNtCs9PFg2kny9HE_4gguf6format6endian8write_u8INtNtNtNtCseJswNlh1fGO_3std2io8buffered9bufwriter9BufWriterNtNtBV_2fs4FileEEB6_
FNDA:0,_RINvNtNtCs9PFg2kny9HE_4gguf6format6endian8write_u8QINtNtCs6bBekJvxEMJ_5alloc3vec3VechEEB6_
FNDA:1,_RINvNtNtCs9PFg2kny9HE_4gguf6format6endian9write_f32INtNtCs6bBekJvxEMJ_5alloc3vec3VechEEB6_
FNDA:0,_RINvNtNtCs9PFg2kny9HE_4gguf6format6endian9write_f32INtNtNtNtCseJswNlh1fGO_3std2io8buffered9bufwriter9BufWriterNtNtBW_2fs4FileEEB6_
FNDA:0,_RINvNtNtCs9PFg2kny9HE_4gguf6format6endian9write_f32QINtNtCs6bBekJvxEMJ_5alloc3vec3VechEEB6_
FNDA:0,_RINvNtNtCs9PFg2kny9HE_4gguf6format6endian9write_f64INtNtCs6bBekJvxEMJ_5alloc3vec3VechEEB6_
FNDA:0,_RINvNtNtCs9PFg2kny9HE_4gguf6format6endian9write_f64INtNtNtNtCseJswNlh1fGO_3std2io8buffered9bufwriter9BufWriterNtNtBW_2fs4FileEEB6_
FNDA:0,_RINvNtNtCs9PFg2kny9HE_4gguf6format6endian9write_f64QINtNtCs6bBekJvxEMJ_5alloc3vec3VechEEB6_
FNDA:0,_RINvNtNtCs9PFg2kny9HE_4gguf6format6endian9write_i16INtNtCs6bBekJvxEMJ_5alloc3vec3VechEEB6_
FNDA:0,_RINvNtNtCs9PFg2kny9HE_4gguf6format6endian9write_i16INtNtNtNtCseJswNlh1fGO_3std2io8buffered9bufwriter9BufWriterNtNtBW_2fs4FileEEB6_
FNDA:0,_RINvNtNtCs9PFg2kny9HE_4gguf6format6endian9write_i16QINtNtCs6bBekJvxEMJ_5alloc3vec3VechEEB6_
FNDA:3,_RINvNtNtCs9PFg2kny9HE_4gguf6format6endian9write_i32INtNtCs6bBekJvxEMJ_5alloc3vec3VechEEB6_
FNDA:0,_RINvNtNtCs9PFg2kny9HE_4gguf6format6endian9write_i32INtNtNtNtCseJswNlh1fGO_3std2io8buffered9bufwriter9BufWriterNtNtBW_2fs4FileEEB6_
FNDA:0,_RINvNtNtCs9PFg2kny9HE_4gguf6format6endian9write_i32QINtNtCs6bBekJvxEMJ_5alloc3vec3VechEEB6_
FNDA:0,_RINvNtNtCs9PFg2kny9HE_4gguf6format6endian9write_i64INtNtCs6bBekJvxEMJ_5alloc3vec3VechEEB6_
FNDA:0,_RINvNtNtCs9PFg2kny9HE_4gguf6format6endian9write_i64INtNtNtNtCseJswNlh1fGO_3std2io8buffered9bufwriter9BufWriterNtNtBW_2fs4FileEEB6_
FNDA:0,_RINvNtNtCs9PFg2kny9HE_4gguf6format6endian9write_i64QINtNtCs6bBekJvxEMJ_5alloc3vec3VechEEB6_
FNDA:0,_RINvNtNtCs9PFg2kny9HE_4gguf6format6endian9write_u16INtNtCs6bBekJvxEMJ_5alloc3vec3VechEEB6_
FNDA:0,_RINvNtNtCs9PFg2kny9HE_4gguf6format6endian9write_u16INtNtNtNtCseJswNlh1fGO_3std2io8buffered9bufwriter9BufWriterNtNtBW_2fs4FileEEB6_
FNDA:0,_RINvNtNtCs9PFg2kny9HE_4gguf6format6endian9write_u16QINtNtCs6bBekJvxEMJ_5alloc3vec3VechEEB6_
FNDA:76,_RINvNtNtCs9PFg2kny9HE_4gguf6format6endian9write_u32INtNtCs6bBekJvxEMJ_5alloc3vec3VechEEB6_
FNDA:7,_RINvNtNtCs9PFg2kny9HE_4gguf6format6endian9write_u32INtNtNtNtCseJswNlh1fGO_3std2io8buffered9bufwriter9BufWriterNtNtBW_2fs4FileEEB6_
FNDA:8,_RINvNtNtCs9PFg2kny9HE_4gguf6format6endian9write_u32QINtNtCs6bBekJvxEMJ_5alloc3vec3VechEEB6_
FNDA:100,_RINvNtNtCs9PFg2kny9HE_4gguf6format6endian9write_u64INtNtCs6bBekJvxEMJ_5alloc3vec3VechEEB6_
FNDA:9,_RINvNtNtCs9PFg2kny9HE_4gguf6format6endian9write_u64INtNtNtNtCseJswNlh1fGO_3std2io8buffered9bufwriter9BufWriterNtNtBW_2fs4FileEEB6_
FNDA:10,_RINvNtNtCs9PFg2kny9HE_4gguf6format6endian9write_u64QINtNtCs6bBekJvxEMJ_5alloc3vec3VechEEB6_
FNF:20
FNH:8
DA:10,133
DA:11,133
DA:12,133
DA:13,133
DA:14,133
DA:18,199
DA:19,199
DA:20,199
DA:21,199
DA:22,199
DA:26,1
DA:27,1
DA:28,1
DA:29,1
DA:30,1
DA:34,0
DA:35,0
DA:36,0
DA:37,0
DA:38,0
DA:42,0
DA:43,0
DA:44,0
DA:45,0
DA:46,0
DA:50,0
DA:51,0
DA:52,0
DA:53,0
DA:54,0
DA:58,3
DA:59,3
DA:60,3
DA:61,3
DA:62,3
DA:66,0
DA:67,0
DA:68,0
DA:69,0
DA:70,0
DA:74,0
DA:75,0
DA:76,0
DA:77,0
DA:78,0
DA:82,0
DA:83,0
DA:84,0
DA:85,0
DA:86,0
DA:90,91
DA:91,91
DA:92,91
DA:96,119
DA:97,119
DA:98,119
DA:102,1
DA:103,1
DA:104,1
DA:108,0
DA:109,0
DA:110,0
DA:114,0
DA:115,0
DA:116,0
DA:120,0
DA:121,0
DA:122,0
DA:126,3
DA:127,3
DA:128,3
DA:132,0
DA:133,0
DA:134,0
DA:138,0
DA:139,0
DA:140,0
DA:144,0
DA:145,0
DA:146,0
BRF:0
BRH:0
LF:80
LH:32
end_of_record
SF:/home/vtriple/rome/gguf/src/format/header.rs
FN:273,_RINvMs1_NtNtCs9PFg2kny9HE_4gguf6format6headerNtB6_10TensorInfo8write_toINtNtCs6bBekJvxEMJ_5alloc3vec3VechEEBa_
FN:273,_RINvMs1_NtNtCs9PFg2kny9HE_4gguf6format6headerNtB6_10TensorInfo8write_toINtNtNtNtCseJswNlh1fGO_3std2io8buffered9bufwriter9BufWriterNtNtB1g_2fs4FileEEBa_
FN:273,_RINvMs1_NtNtCs9PFg2kny9HE_4gguf6format6headerNtB6_10TensorInfo8write_toQINtNtCs6bBekJvxEMJ_5alloc3vec3VechEEBa_
FN:235,_RINvMs1_NtNtCs9PFg2kny9HE_4gguf6format6headerNtB6_10TensorInfo9read_fromINtNtNtCseJswNlh1fGO_3std2io6cursor6CursorINtNtCs6bBekJvxEMJ_5alloc3vec3VechEEEBa_
FN:235,_RINvMs1_NtNtCs9PFg2kny9HE_4gguf6format6headerNtB6_10TensorInfo9read_fromINtNtNtNtCseJswNlh1fGO_3std2io8buffered9bufreader9BufReaderINtNtB1f_6cursor6CursorINtNtCs6bBekJvxEMJ_5alloc3vec3VechEEEEBa_
FN:89,_RINvMs_NtNtCs9PFg2kny9HE_4gguf6format6headerNtB5_10GGUFHeader8write_toINtNtCs6bBekJvxEMJ_5alloc3vec3VechEEB9_
FN:89,_RINvMs_NtNtCs9PFg2kny9HE_4gguf6format6headerNtB5_10GGUFHeader8write_toINtNtNtNtCseJswNlh1fGO_3std2io8buffered9bufwriter9BufWriterNtNtB1f_2fs4FileEEB9_
FN:89,_RINvMs_NtNtCs9PFg2kny9HE_4gguf6format6headerNtB5_10GGUFHeader8write_toQINtNtCs6bBekJvxEMJ_5alloc3vec3VechEEB9_
FN:75,_RINvMs_NtNtCs9PFg2kny9HE_4gguf6format6headerNtB5_10GGUFHeader9read_fromINtNtNtCseJswNlh1fGO_3std2io6cursor6CursorINtNtCs6bBekJvxEMJ_5alloc3vec3VechEEEB9_
FN:75,_RINvMs_NtNtCs9PFg2kny9HE_4gguf6format6headerNtB5_10GGUFHeader9read_fromINtNtNtNtCseJswNlh1fGO_3std2io8buffered9bufreader9BufReaderINtNtB1e_6cursor6CursorINtNtCs6bBekJvxEMJ_5alloc3vec3VechEEEEB9_
FN:245,_RNCINvMs1_NtNtCs9PFg2kny9HE_4gguf6format6headerNtB8_10TensorInfo9read_fromINtNtNtCseJswNlh1fGO_3std2io6cursor6CursorINtNtCs6bBekJvxEMJ_5alloc3vec3VechEEE0Bc_
FN:245,_RNCINvMs1_NtNtCs9PFg2kny9HE_4gguf6format6headerNtB8_10TensorInfo9read_fromINtNtNtNtCseJswNlh1fGO_3std2io8buffered9bufreader9BufReaderINtNtB1h_6cursor6CursorINtNtCs6bBekJvxEMJ_5alloc3vec3VechEEEE0Bc_
FN:189,_RNCNvMs1_NtNtCs9PFg2kny9HE_4gguf6format6headerNtB7_10TensorInfo8is_valid0Bb_
FN:220,_RNCNvMs1_NtNtCs9PFg2kny9HE_4gguf6format6headerNtB7_10TensorInfo8validate0Bb_
FN:178,_RNvMs1_NtNtCs9PFg2kny9HE_4gguf6format6headerNtB5_10TensorInfo5shape
FN:101,_RNvMs_NtNtCs9PFg2kny9HE_4gguf6format6headerNtB4_10GGUFHeader23calculate_metadata_size
FN:39,_RNvXNtNtCs9PFg2kny9HE_4gguf6format6headerNtB2_10GGUFHeaderNtNtCs9sjCchOt1K7_4core7default7Default7default
FN:173,_RNvMs1_NtNtCs9PFg2kny9HE_4gguf6format6headerNtB5_10TensorInfo13element_count
FN:228,_RNvMs1_NtNtCs9PFg2kny9HE_4gguf6format6headerNtB5_10TensorInfo15serialized_size
FN:167,_RNvMs1_NtNtCs9PFg2kny9HE_4gguf6format6headerNtB5_10TensorInfo3new
FN:183,_RNvMs1_NtNtCs9PFg2kny9HE_4gguf6format6headerNtB5_10TensorInfo8is_valid
FN:193,_RNvMs1_NtNtCs9PFg2kny9HE_4gguf6format6headerNtB5_10TensorInfo8validate
FN:118,_RNvMs_NtNtCs9PFg2kny9HE_4gguf6format6headerNtB4_10GGUFHeader22validate_comprehensive
FN:106,_RNvMs_NtNtCs9PFg2kny9HE_4gguf6format6headerNtB4_10GGUFHeader26is_tensor_count_reasonable
FN:112,_RNvMs_NtNtCs9PFg2kny9HE_4gguf6format6headerNtB4_10GGUFHeader28is_metadata_count_reasonable
FN:46,_RNvMs_NtNtCs9PFg2kny9HE_4gguf6format6headerNtB4_10GGUFHeader3new
FN:69,_RNvMs_NtNtCs9PFg2kny9HE_4gguf6format6headerNtB4_10GGUFHeader4size
FN:51,_RNvMs_NtNtCs9PFg2kny9HE_4gguf6format6headerNtB4_10GGUFHeader8is_valid
FN:56,_RNvMs_NtNtCs9PFg2kny9HE_4gguf6format6headerNtB4_10GGUFHeader8validate
FN:141,_RNvXs0_NtNtCs9PFg2kny9HE_4gguf6format6headerNtB5_10GGUFHeaderNtNtCs9sjCchOt1K7_4core3fmt7Display3fmt
FN:307,_RNvXs2_NtNtCs9PFg2kny9HE_4gguf6format6headerNtB5_10TensorInfoNtNtCs9sjCchOt1K7_4core3fmt7Display3fmt
FN:356,_RNvNtNtNtCs9PFg2kny9HE_4gguf6format6header5testss_19test_gguf_header_io
FN:437,_RNvNtNtNtCs9PFg2kny9HE_4gguf6format6header5testss_19test_header_display
FN:409,_RNvNtNtNtCs9PFg2kny9HE_4gguf6format6header5testss_19test_tensor_info_io
FN:446,_RNvNtNtNtCs9PFg2kny9HE_4gguf6format6header5testss_24test_tensor_info_display
FN:333,_RNvNtNtNtCs9PFg2kny9HE_4gguf6format6header5testss_25test_gguf_header_creation
FN:371,_RNvNtNtNtCs9PFg2kny9HE_4gguf6format6header5testss_25test_tensor_info_creation
FN:343,_RNvNtNtNtCs9PFg2kny9HE_4gguf6format6header5testss_27test_gguf_header_validation
FN:389,_RNvNtNtNtCs9PFg2kny9HE_4gguf6format6header5testss_27test_tensor_info_validation
FN:424,_RNvNtNtNtCs9PFg2kny9HE_4gguf6format6header5testss_33test_header_reasonableness_checks
FNDA:10,_RINvMs1_NtNtCs9PFg2kny9HE_4gguf6format6headerNtB6_10TensorInfo8write_toINtNtCs6bBekJvxEMJ_5alloc3vec3VechEEBa_
FNDA:1,_RINvMs1_NtNtCs9PFg2kny9HE_4gguf6format6headerNtB6_10TensorInfo8write_toINtNtNtNtCseJswNlh1fGO_3std2io8buffered9bufwriter9BufWriterNtNtB1g_2fs4FileEEBa_
FNDA:1,_RINvMs1_NtNtCs9PFg2kny9HE_4gguf6format6headerNtB6_10TensorInfo8write_toQINtNtCs6bBekJvxEMJ_5alloc3vec3VechEEBa_
FNDA:30,_RINvMs1_NtNtCs9PFg2kny9HE_4gguf6format6headerNtB6_10TensorInfo9read_fromINtNtNtCseJswNlh1fGO_3std2io6cursor6CursorINtNtCs6bBekJvxEMJ_5alloc3vec3VechEEEBa_
FNDA:2,_RINvMs1_NtNtCs9PFg2kny9HE_4gguf6format6headerNtB6_10TensorInfo9read_fromINtNtNtNtCseJswNlh1fGO_3std2io8buffered9bufreader9BufReaderINtNtB1f_6cursor6CursorINtNtCs6bBekJvxEMJ_5alloc3vec3VechEEEEBa_
FNDA:14,_RINvMs_NtNtCs9PFg2kny9HE_4gguf6format6headerNtB5_10GGUFHeader8write_toINtNtCs6bBekJvxEMJ_5alloc3vec3VechEEB9_
FNDA:1,_RINvMs_NtNtCs9PFg2kny9HE_4gguf6format6headerNtB5_10GGUFHeader8write_toINtNtNtNtCseJswNlh1fGO_3std2io8buffered9bufwriter9BufWriterNtNtB1f_2fs4FileEEB9_
FNDA:1,_RINvMs_NtNtCs9PFg2kny9HE_4gguf6format6headerNtB5_10GGUFHeader8write_toQINtNtCs6bBekJvxEMJ_5alloc3vec3VechEEB9_
FNDA:22,_RINvMs_NtNtCs9PFg2kny9HE_4gguf6format6headerNtB5_10GGUFHeader9read_fromINtNtNtCseJswNlh1fGO_3std2io6cursor6CursorINtNtCs6bBekJvxEMJ_5alloc3vec3VechEEEB9_
FNDA:1,_RINvMs_NtNtCs9PFg2kny9HE_4gguf6format6headerNtB5_10GGUFHeader9read_fromINtNtNtNtCseJswNlh1fGO_3std2io8buffered9bufreader9BufReaderINtNtB1e_6cursor6CursorINtNtCs6bBekJvxEMJ_5alloc3vec3VechEEEEB9_
FNDA:0,_RNCINvMs1_NtNtCs9PFg2kny9HE_4gguf6format6headerNtB8_10TensorInfo9read_fromINtNtNtCseJswNlh1fGO_3std2io6cursor6CursorINtNtCs6bBekJvxEMJ_5alloc3vec3VechEEE0Bc_
FNDA:0,_RNCINvMs1_NtNtCs9PFg2kny9HE_4gguf6format6headerNtB8_10TensorInfo9read_fromINtNtNtNtCseJswNlh1fGO_3std2io8buffered9bufreader9BufReaderINtNtB1h_6cursor6CursorINtNtCs6bBekJvxEMJ_5alloc3vec3VechEEEE0Bc_
FNDA:3,_RNCNvMs1_NtNtCs9PFg2kny9HE_4gguf6format6headerNtB7_10TensorInfo8is_valid0Bb_
FNDA:65,_RNCNvMs1_NtNtCs9PFg2kny9HE_4gguf6format6headerNtB7_10TensorInfo8validate0Bb_
FNDA:0,_RNvMs1_NtNtCs9PFg2kny9HE_4gguf6format6headerNtB5_10TensorInfo5shape
FNDA:0,_RNvMs_NtNtCs9PFg2kny9HE_4gguf6format6headerNtB4_10GGUFHeader23calculate_metadata_size
FNDA:0,_RNvXNtNtCs9PFg2kny9HE_4gguf6format6headerNtB2_10GGUFHeaderNtNtCs9sjCchOt1K7_4core7default7Default7default
FNDA:1,_RNvMs1_NtNtCs9PFg2kny9HE_4gguf6format6headerNtB5_10TensorInfo13element_count
FNDA:33,_RNvMs1_NtNtCs9PFg2kny9HE_4gguf6format6headerNtB5_10TensorInfo15serialized_size
FNDA:18,_RNvMs1_NtNtCs9PFg2kny9HE_4gguf6format6headerNtB5_10TensorInfo3new
FNDA:1,_RNvMs1_NtNtCs9PFg2kny9HE_4gguf6format6headerNtB5_10TensorInfo8is_valid
FNDA:48,_RNvMs1_NtNtCs9PFg2kny9HE_4gguf6format6headerNtB5_10TensorInfo8validate
FNDA:25,_RNvMs_NtNtCs9PFg2kny9HE_4gguf6format6headerNtB4_10GGUFHeader22validate_comprehensive
FNDA:25,_RNvMs_NtNtCs9PFg2kny9HE_4gguf6format6headerNtB4_10GGUFHeader26is_tensor_count_reasonable
FNDA:24,_RNvMs_NtNtCs9PFg2kny9HE_4gguf6format6headerNtB4_10GGUFHeader28is_metadata_count_reasonable
FNDA:20,_RNvMs_NtNtCs9PFg2kny9HE_4gguf6format6headerNtB4_10GGUFHeader3new
FNDA:29,_RNvMs_NtNtCs9PFg2kny9HE_4gguf6format6headerNtB4_10GGUFHeader4size
FNDA:1,_RNvMs_NtNtCs9PFg2kny9HE_4gguf6format6headerNtB4_10GGUFHeader8is_valid
FNDA:73,_RNvMs_NtNtCs9PFg2kny9HE_4gguf6format6headerNtB4_10GGUFHeader8validate
FNDA:1,_RNvXs0_NtNtCs9PFg2kny9HE_4gguf6format6headerNtB5_10GGUFHeaderNtNtCs9sjCchOt1K7_4core3fmt7Display3fmt
FNDA:1,_RNvXs2_NtNtCs9PFg2kny9HE_4gguf6format6headerNtB5_10TensorInfoNtNtCs9sjCchOt1K7_4core3fmt7Display3fmt
FNDA:1,_RNvNtNtNtCs9PFg2kny9HE_4gguf6format6header5testss_19test_gguf_header_io
FNDA:1,_RNvNtNtNtCs9PFg2kny9HE_4gguf6format6header5testss_19test_header_display
FNDA:1,_RNvNtNtNtCs9PFg2kny9HE_4gguf6format6header5testss_19test_tensor_info_io
FNDA:1,_RNvNtNtNtCs9PFg2kny9HE_4gguf6format6header5testss_24test_tensor_info_display
FNDA:1,_RNvNtNtNtCs9PFg2kny9HE_4gguf6format6header5testss_25test_gguf_header_creation
FNDA:1,_RNvNtNtNtCs9PFg2kny9HE_4gguf6format6header5testss_25test_tensor_info_creation
FNDA:1,_RNvNtNtNtCs9PFg2kny9HE_4gguf6format6header5testss_27test_gguf_header_validation
FNDA:1,_RNvNtNtNtCs9PFg2kny9HE_4gguf6format6header5testss_27test_tensor_info_validation
FNDA:1,_RNvNtNtNtCs9PFg2kny9HE_4gguf6format6header5testss_33test_header_reasonableness_checks
FNF:33
FNH:29
DA:39,0
DA:40,0
DA:41,0
DA:46,20
DA:47,20
DA:48,20
DA:51,1
DA:52,1
DA:53,1
DA:56,73
DA:57,73
DA:58,1
DA:59,72
DA:60,72
DA:61,72
DA:62,1
DA:63,71
DA:64,71
DA:65,71
DA:66,73
DA:69,29
DA:70,29
DA:71,29
DA:75,23
DA:76,23
DA:77,23
DA:78,23
DA:79,23
DA:81,23
DA:82,23
DA:83,23
DA:84,23
DA:85,23
DA:89,16
DA:90,16
DA:92,16
DA:93,16
DA:94,16
DA:95,16
DA:97,16
DA:98,16
DA:101,0
DA:102,0
DA:103,0
DA:106,25
DA:107,25
DA:108,25
DA:109,25
DA:112,24
DA:113,24
DA:114,24
DA:115,24
DA:118,25
DA:119,25
DA:121,25
DA:122,1
DA:123,1
DA:124,1
DA:125,1
DA:126,24
DA:127,24
DA:128,24
DA:129,1
DA:130,1
DA:131,1
DA:132,1
DA:133,23
DA:134,23
DA:135,23
DA:136,25
DA:141,1
DA:142,1
DA:143,1
DA:144,1
DA:145,1
DA:146,1
DA:147,1
DA:167,18
DA:168,18
DA:169,18
DA:170,18
DA:173,1
DA:174,1
DA:175,1
DA:178,0
DA:179,0
DA:180,0
DA:183,1
DA:184,1
DA:185,1
DA:186,1
DA:187,1
DA:188,1
DA:189,3
DA:190,1
DA:193,48
DA:194,48
DA:195,1
DA:196,47
DA:197,47
DA:198,47
DA:199,1
DA:200,1
DA:201,1
DA:202,1
DA:203,1
DA:204,46
DA:205,46
DA:206,46
DA:207,0
DA:208,0
DA:209,0
DA:210,46
DA:211,46
DA:212,46
DA:213,1
DA:214,1
DA:215,1
DA:216,45
DA:217,45
DA:218,45
DA:219,45
DA:220,65
DA:221,0
DA:222,45
DA:223,45
DA:224,45
DA:225,48
DA:228,33
DA:229,33
DA:230,33
DA:231,33
DA:235,32
DA:237,32
DA:238,32
DA:239,0
DA:240,32
DA:241,32
DA:242,32
DA:243,32
DA:244,32
DA:245,32
DA:248,32
DA:249,32
DA:250,0
DA:251,0
DA:252,0
DA:253,0
DA:254,32
DA:255,32
DA:256,32
DA:257,32
DA:258,43
DA:262,32
DA:263,32
DA:265,32
DA:266,32
DA:267,32
DA:268,32
DA:269,32
DA:273,12
DA:274,12
DA:277,12
DA:278,12
DA:281,12
DA:282,32
DA:283,20
DA:287,12
DA:288,12
DA:290,12
DA:291,12
DA:307,1
DA:308,1
DA:309,1
DA:310,1
DA:311,1
DA:312,1
DA:313,1
DA:333,1
DA:334,1
DA:335,1
DA:336,1
DA:337,1
DA:338,1
DA:339,1
DA:340,1
DA:343,1
DA:344,1
DA:345,1
DA:347,1
DA:348,1
DA:350,1
DA:351,1
DA:352,1
DA:353,1
DA:356,1
DA:357,1
DA:358,1
DA:359,1
DA:360,1
DA:361,1
DA:362,1
DA:363,1
DA:364,1
DA:365,1
DA:366,1
DA:367,1
DA:368,1
DA:371,1
DA:372,1
DA:373,1
DA:374,1
DA:375,1
DA:376,1
DA:377,1
DA:378,1
DA:379,1
DA:380,1
DA:381,1
DA:382,1
DA:383,1
DA:384,1
DA:385,1
DA:386,1
DA:389,1
DA:390,1
DA:391,1
DA:392,1
DA:395,1
DA:396,1
DA:399,1
DA:400,1
DA:403,1
DA:404,1
DA:405,1
DA:406,1
DA:409,1
DA:410,1
DA:411,1
DA:412,1
DA:413,1
DA:414,1
DA:415,1
DA:416,1
DA:417,1
DA:418,1
DA:419,1
DA:420,1
DA:421,1
DA:424,1
DA:425,1
DA:426,1
DA:428,1
DA:429,1
DA:431,1
DA:432,1
DA:433,1
DA:434,1
DA:437,1
DA:438,1
DA:439,1
DA:440,1
DA:441,1
DA:442,1
DA:443,1
DA:446,1
DA:447,1
DA:448,1
DA:449,1
DA:450,1
DA:451,1
DA:452,1
BRF:0
BRH:0
LF:275
LH:256
end_of_record
SF:/home/vtriple/rome/gguf/src/format/metadata.rs
FN:356,_RNvMs0_NtNtCs9PFg2kny9HE_4gguf6format8metadataNtB5_13MetadataArray4iter
FN:345,_RNvMs0_NtNtCs9PFg2kny9HE_4gguf6format8metadataNtB5_13MetadataArray8is_empty
FN:405,_RNvMs1_NtNtCs9PFg2kny9HE_4gguf6format8metadataNtB5_8Metadata4iter
FN:416,_RNvMs1_NtNtCs9PFg2kny9HE_4gguf6format8metadataNtB5_8Metadata4keys
FN:384,_RNvMs1_NtNtCs9PFg2kny9HE_4gguf6format8metadataNtB5_8Metadata6remove
FN:427,_RNvMs1_NtNtCs9PFg2kny9HE_4gguf6format8metadataNtB5_8Metadata6values
FN:399,_RNvMs1_NtNtCs9PFg2kny9HE_4gguf6format8metadataNtB5_8Metadata8is_empty
FN:549,_RNvMs2_NtNtCs9PFg2kny9HE_4gguf6format8metadataNtB5_8Metadata7get_f64
FN:544,_RNvMs2_NtNtCs9PFg2kny9HE_4gguf6format8metadataNtB5_8Metadata7get_i64
FN:206,_RNvMs_NtNtCs9PFg2kny9HE_4gguf6format8metadataNtB4_13MetadataValue24to_string_representation
FN:252,_RNvMs_NtNtCs9PFg2kny9HE_4gguf6format8metadataNtB4_13MetadataValue6as_f64
FN:242,_RNvMs_NtNtCs9PFg2kny9HE_4gguf6format8metadataNtB4_13MetadataValue6as_i64
FN:561,_RNvXs3_NtNtCs9PFg2kny9HE_4gguf6format8metadataNtB5_13MetadataValueNtNtCs9sjCchOt1K7_4core3fmt7Display3fmt
FN:695,_RNvNtNtNtCs9PFg2kny9HE_4gguf6format8metadata5testss_13test_array_io
FN:664,_RNvNtNtNtCs9PFg2kny9HE_4gguf6format8metadata5testss_16test_metadata_io
FN:630,_RNvNtNtNtCs9PFg2kny9HE_4gguf6format8metadata5testss_19test_metadata_array
FN:617,_RNvNtNtNtCs9PFg2kny9HE_4gguf6format8metadata5testss_22test_metadata_value_io
FN:651,_RNvNtNtNtCs9PFg2kny9HE_4gguf6format8metadata5testss_24test_metadata_collection
FN:602,_RNvNtNtNtCs9PFg2kny9HE_4gguf6format8metadata5testss_25test_metadata_value_types
FN:681,_RNvNtNtNtCs9PFg2kny9HE_4gguf6format8metadata5testss_29test_string_length_validation
FN:640,_RNvNtNtNtCs9PFg2kny9HE_4gguf6format8metadata5testss_33test_metadata_array_type_mismatch
FN:328,_RINvMs0_NtNtCs9PFg2kny9HE_4gguf6format8metadataNtB6_13MetadataArray8write_toINtNtCs6bBekJvxEMJ_5alloc3vec3VechEEBa_
FN:328,_RINvMs0_NtNtCs9PFg2kny9HE_4gguf6format8metadataNtB6_13MetadataArray8write_toINtNtNtNtCseJswNlh1fGO_3std2io8buffered9bufwriter9BufWriterNtNtB1l_2fs4FileEEBa_
FN:328,_RINvMs0_NtNtCs9PFg2kny9HE_4gguf6format8metadataNtB6_13MetadataArray8write_toQINtNtCs6bBekJvxEMJ_5alloc3vec3VechEEBa_
FN:308,_RINvMs0_NtNtCs9PFg2kny9HE_4gguf6format8metadataNtB6_13MetadataArray9read_fromINtNtNtCseJswNlh1fGO_3std2io6cursor6CursorINtNtCs6bBekJvxEMJ_5alloc3vec3VechEEEBa_
FN:308,_RINvMs0_NtNtCs9PFg2kny9HE_4gguf6format8metadataNtB6_13MetadataArray9read_fromINtNtNtNtCseJswNlh1fGO_3std2io8buffered9bufreader9BufReaderINtNtB1k_6cursor6CursorINtNtCs6bBekJvxEMJ_5alloc3vec3VechEEEEBa_
FN:507,_RINvMs2_NtNtCs9PFg2kny9HE_4gguf6format8metadataNtB6_8Metadata8write_toINtNtCs6bBekJvxEMJ_5alloc3vec3VechEEBa_
FN:507,_RINvMs2_NtNtCs9PFg2kny9HE_4gguf6format8metadataNtB6_8Metadata8write_toINtNtNtNtCseJswNlh1fGO_3std2io8buffered9bufwriter9BufWriterNtNtB1f_2fs4FileEEBa_
FN:507,_RINvMs2_NtNtCs9PFg2kny9HE_4gguf6format8metadataNtB6_8Metadata8write_toQINtNtCs6bBekJvxEMJ_5alloc3vec3VechEEBa_
FN:479,_RINvMs2_NtNtCs9PFg2kny9HE_4gguf6format8metadataNtB6_8Metadata9read_fromINtNtNtCseJswNlh1fGO_3std2io6cursor6CursorINtNtCs6bBekJvxEMJ_5alloc3vec3VechEEEBa_
FN:479,_RINvMs2_NtNtCs9PFg2kny9HE_4gguf6format8metadataNtB6_8Metadata9read_fromINtNtNtNtCseJswNlh1fGO_3std2io8buffered9bufreader9BufReaderINtNtB1e_6cursor6CursorINtNtCs6bBekJvxEMJ_5alloc3vec3VechEEEEBa_
FN:182,_RINvMs_NtNtCs9PFg2kny9HE_4gguf6format8metadataNtB5_13MetadataValue8write_toINtNtCs6bBekJvxEMJ_5alloc3vec3VechEEB9_
FN:182,_RINvMs_NtNtCs9PFg2kny9HE_4gguf6format8metadataNtB5_13MetadataValue8write_toINtNtNtNtCseJswNlh1fGO_3std2io8buffered9bufwriter9BufWriterNtNtB1k_2fs4FileEEB9_
FN:182,_RINvMs_NtNtCs9PFg2kny9HE_4gguf6format8metadataNtB5_13MetadataValue8write_toQINtNtCs6bBekJvxEMJ_5alloc3vec3VechEEB9_
FN:147,_RINvMs_NtNtCs9PFg2kny9HE_4gguf6format8metadataNtB5_13MetadataValue9read_fromINtNtNtCseJswNlh1fGO_3std2io6cursor6CursorINtNtCs6bBekJvxEMJ_5alloc3vec3VechEEEB9_
FN:147,_RINvMs_NtNtCs9PFg2kny9HE_4gguf6format8metadataNtB5_13MetadataValue9read_fromINtNtNtNtCseJswNlh1fGO_3std2io8buffered9bufreader9BufReaderINtNtB1j_6cursor6CursorINtNtCs6bBekJvxEMJ_5alloc3vec3VechEEEEB9_
FN:492,_RNCINvMs2_NtNtCs9PFg2kny9HE_4gguf6format8metadataNtB8_8Metadata9read_fromINtNtNtCseJswNlh1fGO_3std2io6cursor6CursorINtNtCs6bBekJvxEMJ_5alloc3vec3VechEEE0Bc_
FN:492,_RNCINvMs2_NtNtCs9PFg2kny9HE_4gguf6format8metadataNtB8_8Metadata9read_fromINtNtNtNtCseJswNlh1fGO_3std2io8buffered9bufreader9BufReaderINtNtB1g_6cursor6CursorINtNtCs6bBekJvxEMJ_5alloc3vec3VechEEEE0Bc_
FN:165,_RNCINvMs_NtNtCs9PFg2kny9HE_4gguf6format8metadataNtB7_13MetadataValue9read_fromINtNtNtCseJswNlh1fGO_3std2io6cursor6CursorINtNtCs6bBekJvxEMJ_5alloc3vec3VechEEE0Bb_
FN:165,_RNCINvMs_NtNtCs9PFg2kny9HE_4gguf6format8metadataNtB7_13MetadataValue9read_fromINtNtNtNtCseJswNlh1fGO_3std2io8buffered9bufreader9BufReaderINtNtB1l_6cursor6CursorINtNtCs6bBekJvxEMJ_5alloc3vec3VechEEEE0Bb_
FN:297,_RNvMs0_NtNtCs9PFg2kny9HE_4gguf6format8metadataNtB5_13MetadataArray15serialized_size
FN:350,_RNvMs0_NtNtCs9PFg2kny9HE_4gguf6format8metadataNtB5_13MetadataArray3get
FN:340,_RNvMs0_NtNtCs9PFg2kny9HE_4gguf6format8metadataNtB5_13MetadataArray3len
FN:271,_RNvMs0_NtNtCs9PFg2kny9HE_4gguf6format8metadataNtB5_13MetadataArray3new
FN:389,_RNvMs1_NtNtCs9PFg2kny9HE_4gguf6format8metadataNtB5_8Metadata12contains_key
FN:379,_RNvMs1_NtNtCs9PFg2kny9HE_4gguf6format8metadataNtB5_8Metadata3get
FN:394,_RNvMs1_NtNtCs9PFg2kny9HE_4gguf6format8metadataNtB5_8Metadata3len
FN:369,_RNvMs1_NtNtCs9PFg2kny9HE_4gguf6format8metadataNtB5_8Metadata3new
FN:374,_RNvMs1_NtNtCs9PFg2kny9HE_4gguf6format8metadataNtB5_8Metadata6insert
FN:534,_RNvMs2_NtNtCs9PFg2kny9HE_4gguf6format8metadataNtB5_8Metadata10get_string
FN:522,_RNvMs2_NtNtCs9PFg2kny9HE_4gguf6format8metadataNtB5_8Metadata15serialized_size
FN:539,_RNvMs2_NtNtCs9PFg2kny9HE_4gguf6format8metadataNtB5_8Metadata7get_u64
FN:554,_RNvMs2_NtNtCs9PFg2kny9HE_4gguf6format8metadataNtB5_8Metadata8get_bool
FN:108,_RNvMs_NtNtCs9PFg2kny9HE_4gguf6format8metadataNtB4_13MetadataValue10value_type
FN:127,_RNvMs_NtNtCs9PFg2kny9HE_4gguf6format8metadataNtB4_13MetadataValue15serialized_size
FN:225,_RNvMs_NtNtCs9PFg2kny9HE_4gguf6format8metadataNtB4_13MetadataValue6as_str
FN:232,_RNvMs_NtNtCs9PFg2kny9HE_4gguf6format8metadataNtB4_13MetadataValue6as_u64
FN:260,_RNvMs_NtNtCs9PFg2kny9HE_4gguf6format8metadataNtB4_13MetadataValue7as_bool
FN:94,_RNvXNtNtCs9PFg2kny9HE_4gguf6format8metadataNtB2_8MetadataNtNtCs9sjCchOt1K7_4core7default7Default7default
FNDA:0,_RNvMs0_NtNtCs9PFg2kny9HE_4gguf6format8metadataNtB5_13MetadataArray4iter
FNDA:0,_RNvMs0_NtNtCs9PFg2kny9HE_4gguf6format8metadataNtB5_13MetadataArray8is_empty
FNDA:0,_RNvMs1_NtNtCs9PFg2kny9HE_4gguf6format8metadataNtB5_8Metadata4iter
FNDA:0,_RNvMs1_NtNtCs9PFg2kny9HE_4gguf6format8metadataNtB5_8Metadata4keys
FNDA:0,_RNvMs1_NtNtCs9PFg2kny9HE_4gguf6format8metadataNtB5_8Metadata6remove
FNDA:0,_RNvMs1_NtNtCs9PFg2kny9HE_4gguf6format8metadataNtB5_8Metadata6values
FNDA:0,_RNvMs1_NtNtCs9PFg2kny9HE_4gguf6format8metadataNtB5_8Metadata8is_empty
FNDA:0,_RNvMs2_NtNtCs9PFg2kny9HE_4gguf6format8metadataNtB5_8Metadata7get_f64
FNDA:0,_RNvMs2_NtNtCs9PFg2kny9HE_4gguf6format8metadataNtB5_8Metadata7get_i64
FNDA:0,_RNvMs_NtNtCs9PFg2kny9HE_4gguf6format8metadataNtB4_13MetadataValue24to_string_representation
FNDA:0,_RNvMs_NtNtCs9PFg2kny9HE_4gguf6format8metadataNtB4_13MetadataValue6as_f64
FNDA:0,_RNvMs_NtNtCs9PFg2kny9HE_4gguf6format8metadataNtB4_13MetadataValue6as_i64
FNDA:0,_RNvXs3_NtNtCs9PFg2kny9HE_4gguf6format8metadataNtB5_13MetadataValueNtNtCs9sjCchOt1K7_4core3fmt7Display3fmt
FNDA:1,_RNvNtNtNtCs9PFg2kny9HE_4gguf6format8metadata5testss_13test_array_io
FNDA:1,_RNvNtNtNtCs9PFg2kny9HE_4gguf6format8metadata5testss_16test_metadata_io
FNDA:1,_RNvNtNtNtCs9PFg2kny9HE_4gguf6format8metadata5testss_19test_metadata_array
FNDA:1,_RNvNtNtNtCs9PFg2kny9HE_4gguf6format8metadata5testss_22test_metadata_value_io
FNDA:1,_RNvNtNtNtCs9PFg2kny9HE_4gguf6format8metadata5testss_24test_metadata_collection
FNDA:1,_RNvNtNtNtCs9PFg2kny9HE_4gguf6format8metadata5testss_25test_metadata_value_types
FNDA:1,_RNvNtNtNtCs9PFg2kny9HE_4gguf6format8metadata5testss_29test_string_length_validation
FNDA:1,_RNvNtNtNtCs9PFg2kny9HE_4gguf6format8metadata5testss_33test_metadata_array_type_mismatch
FNDA:1,_RINvMs0_NtNtCs9PFg2kny9HE_4gguf6format8metadataNtB6_13MetadataArray8write_toINtNtCs6bBekJvxEMJ_5alloc3vec3VechEEBa_
FNDA:0,_RINvMs0_NtNtCs9PFg2kny9HE_4gguf6format8metadataNtB6_13MetadataArray8write_toINtNtNtNtCseJswNlh1fGO_3std2io8buffered9bufwriter9BufWriterNtNtB1l_2fs4FileEEBa_
FNDA:0,_RINvMs0_NtNtCs9PFg2kny9HE_4gguf6format8metadataNtB6_13MetadataArray8write_toQINtNtCs6bBekJvxEMJ_5alloc3vec3VechEEBa_
FNDA:1,_RINvMs0_NtNtCs9PFg2kny9HE_4gguf6format8metadataNtB6_13MetadataArray9read_fromINtNtNtCseJswNlh1fGO_3std2io6cursor6CursorINtNtCs6bBekJvxEMJ_5alloc3vec3VechEEEBa_
FNDA:0,_RINvMs0_NtNtCs9PFg2kny9HE_4gguf6format8metadataNtB6_13MetadataArray9read_fromINtNtNtNtCseJswNlh1fGO_3std2io8buffered9bufreader9BufReaderINtNtB1k_6cursor6CursorINtNtCs6bBekJvxEMJ_5alloc3vec3VechEEEEBa_
FNDA:13,_RINvMs2_NtNtCs9PFg2kny9HE_4gguf6format8metadataNtB6_8Metadata8write_toINtNtCs6bBekJvxEMJ_5alloc3vec3VechEEBa_
FNDA:1,_RINvMs2_NtNtCs9PFg2kny9HE_4gguf6format8metadataNtB6_8Metadata8write_toINtNtNtNtCseJswNlh1fGO_3std2io8buffered9bufwriter9BufWriterNtNtB1f_2fs4FileEEBa_
FNDA:1,_RINvMs2_NtNtCs9PFg2kny9HE_4gguf6format8metadataNtB6_8Metadata8write_toQINtNtCs6bBekJvxEMJ_5alloc3vec3VechEEBa_
FNDA:20,_RINvMs2_NtNtCs9PFg2kny9HE_4gguf6format8metadataNtB6_8Metadata9read_fromINtNtNtCseJswNlh1fGO_3std2io6cursor6CursorINtNtCs6bBekJvxEMJ_5alloc3vec3VechEEEBa_
FNDA:1,_RINvMs2_NtNtCs9PFg2kny9HE_4gguf6format8metadataNtB6_8Metadata9read_fromINtNtNtNtCseJswNlh1fGO_3std2io8buffered9bufreader9BufReaderINtNtB1e_6cursor6CursorINtNtCs6bBekJvxEMJ_5alloc3vec3VechEEEEBa_
FNDA:25,_RINvMs_NtNtCs9PFg2kny9HE_4gguf6format8metadataNtB5_13MetadataValue8write_toINtNtCs6bBekJvxEMJ_5alloc3vec3VechEEB9_
FNDA:2,_RINvMs_NtNtCs9PFg2kny9HE_4gguf6format8metadataNtB5_13MetadataValue8write_toINtNtNtNtCseJswNlh1fGO_3std2io8buffered9bufwriter9BufWriterNtNtB1k_2fs4FileEEB9_
FNDA:3,_RINvMs_NtNtCs9PFg2kny9HE_4gguf6format8metadataNtB5_13MetadataValue8write_toQINtNtCs6bBekJvxEMJ_5alloc3vec3VechEEB9_
FNDA:26,_RINvMs_NtNtCs9PFg2kny9HE_4gguf6format8metadataNtB5_13MetadataValue9read_fromINtNtNtCseJswNlh1fGO_3std2io6cursor6CursorINtNtCs6bBekJvxEMJ_5alloc3vec3VechEEEB9_
FNDA:1,_RINvMs_NtNtCs9PFg2kny9HE_4gguf6format8metadataNtB5_13MetadataValue9read_fromINtNtNtNtCseJswNlh1fGO_3std2io8buffered9bufreader9BufReaderINtNtB1j_6cursor6CursorINtNtCs6bBekJvxEMJ_5alloc3vec3VechEEEEB9_
FNDA:0,_RNCINvMs2_NtNtCs9PFg2kny9HE_4gguf6format8metadataNtB8_8Metadata9read_fromINtNtNtCseJswNlh1fGO_3std2io6cursor6CursorINtNtCs6bBekJvxEMJ_5alloc3vec3VechEEE0Bc_
FNDA:0,_RNCINvMs2_NtNtCs9PFg2kny9HE_4gguf6format8metadataNtB8_8Metadata9read_fromINtNtNtNtCseJswNlh1fGO_3std2io8buffered9bufreader9BufReaderINtNtB1g_6cursor6CursorINtNtCs6bBekJvxEMJ_5alloc3vec3VechEEEE0Bc_
FNDA:0,_RNCINvMs_NtNtCs9PFg2kny9HE_4gguf6format8metadataNtB7_13MetadataValue9read_fromINtNtNtCseJswNlh1fGO_3std2io6cursor6CursorINtNtCs6bBekJvxEMJ_5alloc3vec3VechEEE0Bb_
FNDA:0,_RNCINvMs_NtNtCs9PFg2kny9HE_4gguf6format8metadataNtB7_13MetadataValue9read_fromINtNtNtNtCseJswNlh1fGO_3std2io8buffered9bufreader9BufReaderINtNtB1l_6cursor6CursorINtNtCs6bBekJvxEMJ_5alloc3vec3VechEEEE0Bb_
FNDA:0,_RNvMs0_NtNtCs9PFg2kny9HE_4gguf6format8metadataNtB5_13MetadataArray15serialized_size
FNDA:2,_RNvMs0_NtNtCs9PFg2kny9HE_4gguf6format8metadataNtB5_13MetadataArray3get
FNDA:2,_RNvMs0_NtNtCs9PFg2kny9HE_4gguf6format8metadataNtB5_13MetadataArray3len
FNDA:3,_RNvMs0_NtNtCs9PFg2kny9HE_4gguf6format8metadataNtB5_13MetadataArray3new
FNDA:2,_RNvMs1_NtNtCs9PFg2kny9HE_4gguf6format8metadataNtB5_8Metadata12contains_key
FNDA:9,_RNvMs1_NtNtCs9PFg2kny9HE_4gguf6format8metadataNtB5_8Metadata3get
FNDA:33,_RNvMs1_NtNtCs9PFg2kny9HE_4gguf6format8metadataNtB5_8Metadata3len
FNDA:27,_RNvMs1_NtNtCs9PFg2kny9HE_4gguf6format8metadataNtB5_8Metadata3new
FNDA:50,_RNvMs1_NtNtCs9PFg2kny9HE_4gguf6format8metadataNtB5_8Metadata6insert
FNDA:4,_RNvMs2_NtNtCs9PFg2kny9HE_4gguf6format8metadataNtB5_8Metadata10get_string
FNDA:38,_RNvMs2_NtNtCs9PFg2kny9HE_4gguf6format8metadataNtB5_8Metadata15serialized_size
FNDA:4,_RNvMs2_NtNtCs9PFg2kny9HE_4gguf6format8metadataNtB5_8Metadata7get_u64
FNDA:1,_RNvMs2_NtNtCs9PFg2kny9HE_4gguf6format8metadataNtB5_8Metadata8get_bool
FNDA:37,_RNvMs_NtNtCs9PFg2kny9HE_4gguf6format8metadataNtB4_13MetadataValue10value_type
FNDA:47,_RNvMs_NtNtCs9PFg2kny9HE_4gguf6format8metadataNtB4_13MetadataValue15serialized_size
FNDA:5,_RNvMs_NtNtCs9PFg2kny9HE_4gguf6format8metadataNtB4_13MetadataValue6as_str
FNDA:5,_RNvMs_NtNtCs9PFg2kny9HE_4gguf6format8metadataNtB4_13MetadataValue6as_u64
FNDA:2,_RNvMs_NtNtCs9PFg2kny9HE_4gguf6format8metadataNtB4_13MetadataValue7as_bool
FNDA:12,_RNvXNtNtCs9PFg2kny9HE_4gguf6format8metadataNtB2_8MetadataNtNtCs9sjCchOt1K7_4core7default7Default7default
FNF:48
FNH:32
DA:94,12
DA:95,12
DA:96,12
DA:108,37
DA:109,37
DA:110,0
DA:111,0
DA:112,0
DA:113,0
DA:114,14
DA:115,3
DA:116,0
DA:117,1
DA:118,18
DA:119,0
DA:120,1
DA:121,0
DA:122,0
DA:124,37
DA:127,47
DA:128,47
DA:129,0
DA:130,0
DA:131,0
DA:132,0
DA:133,9
DA:134,0
DA:135,0
DA:136,0
DA:137,38
DA:138,0
DA:139,0
DA:140,0
DA:141,0
DA:143,47
DA:147,27
DA:148,27
DA:149,0
DA:150,0
DA:151,0
DA:152,0
DA:153,0
DA:154,3
DA:155,1
DA:156,0
DA:158,22
DA:159,22
DA:160,1
DA:161,21
DA:162,21
DA:163,21
DA:164,21
DA:165,21
DA:166,21
DA:169,0
DA:170,0
DA:172,1
DA:173,0
DA:174,0
DA:177,26
DA:178,27
DA:182,30
DA:183,30
DA:184,0
DA:185,0
DA:186,0
DA:187,0
DA:188,9
DA:189,3
DA:190,1
DA:191,0
DA:192,16
DA:193,16
DA:194,16
DA:196,0
DA:197,1
DA:198,0
DA:199,0
DA:201,30
DA:202,30
DA:206,0
DA:207,0
DA:208,0
DA:209,0
DA:210,0
DA:211,0
DA:212,0
DA:213,0
DA:214,0
DA:215,0
DA:216,0
DA:217,0
DA:218,0
DA:219,0
DA:220,0
DA:222,0
DA:225,5
DA:226,5
DA:227,5
DA:228,0
DA:230,5
DA:232,5
DA:233,5
DA:234,0
DA:235,0
DA:236,3
DA:237,2
DA:238,0
DA:240,5
DA:242,0
DA:243,0
DA:244,0
DA:245,0
DA:246,0
DA:247,0
DA:248,0
DA:250,0
DA:252,0
DA:253,0
DA:254,0
DA:255,0
DA:256,0
DA:258,0
DA:260,2
DA:261,2
DA:262,2
DA:263,0
DA:265,2
DA:271,3
DA:273,10
DA:274,8
DA:275,1
DA:276,1
DA:277,1
DA:278,1
DA:279,1
DA:280,7
DA:283,2
DA:284,2
DA:285,0
DA:286,2
DA:287,2
DA:288,2
DA:289,3
DA:297,0
DA:298,0
DA:299,0
DA:300,0
DA:301,0
DA:302,0
DA:303,0
DA:304,0
DA:308,1
DA:309,1
DA:310,1
DA:311,1
DA:313,1
DA:314,0
DA:315,1
DA:316,1
DA:317,1
DA:318,1
DA:319,3
DA:320,3
DA:323,1
DA:324,1
DA:328,1
DA:329,1
DA:330,1
DA:332,4
DA:333,3
DA:336,1
DA:337,1
DA:340,2
DA:341,2
DA:342,2
DA:345,0
DA:346,0
DA:347,0
DA:350,2
DA:351,2
DA:352,2
DA:356,0
DA:357,0
DA:358,0
DA:369,27
DA:370,27
DA:371,27
DA:374,50
DA:375,50
DA:376,50
DA:379,9
DA:380,9
DA:381,9
DA:384,0
DA:385,0
DA:386,0
DA:389,2
DA:390,2
DA:391,2
DA:394,33
DA:395,33
DA:396,33
DA:399,0
DA:400,0
DA:401,0
DA:405,0
DA:406,0
DA:407,0
DA:416,0
DA:417,0
DA:418,0
DA:427,0
DA:428,0
DA:429,0
DA:479,21
DA:480,21
DA:481,21
DA:482,21
DA:484,22
DA:485,22
DA:486,0
DA:487,22
DA:488,22
DA:489,22
DA:490,22
DA:491,22
DA:492,22
DA:495,22
DA:496,22
DA:497,22
DA:499,22
DA:502,21
DA:503,21
DA:507,15
DA:508,40
DA:510,25
DA:511,25
DA:514,25
DA:515,25
DA:518,15
DA:519,15
DA:522,38
DA:523,38
DA:524,85
DA:525,47
DA:526,47
DA:527,47
DA:528,47
DA:529,47
DA:530,38
DA:531,38
DA:534,4
DA:535,4
DA:536,4
DA:539,4
DA:540,4
DA:541,4
DA:544,0
DA:545,0
DA:546,0
DA:549,0
DA:550,0
DA:551,0
DA:554,1
DA:555,1
DA:556,1
DA:561,0
DA:562,0
DA:563,0
DA:602,1
DA:603,1
DA:604,1
DA:605,1
DA:607,1
DA:608,1
DA:609,1
DA:611,1
DA:612,1
DA:613,1
DA:614,1
DA:617,1
DA:618,1
DA:619,1
DA:620,1
DA:621,1
DA:622,1
DA:623,1
DA:624,1
DA:625,1
DA:626,1
DA:627,1
DA:630,1
DA:631,1
DA:632,1
DA:633,1
DA:634,1
DA:635,1
DA:636,1
DA:637,1
DA:640,1
DA:641,1
DA:642,1
DA:643,1
DA:644,1
DA:645,1
DA:646,1
DA:647,1
DA:648,1
DA:651,1
DA:652,1
DA:653,1
DA:654,1
DA:655,1
DA:656,1
DA:657,1
DA:658,1
DA:659,1
DA:660,1
DA:661,1
DA:664,1
DA:665,1
DA:666,1
DA:667,1
DA:668,1
DA:669,1
DA:670,1
DA:671,1
DA:672,1
DA:673,1
DA:674,1
DA:675,1
DA:676,1
DA:677,1
DA:678,1
DA:681,1
DA:682,1
DA:683,1
DA:684,1
DA:685,1
DA:686,1
DA:687,1
DA:688,1
DA:689,1
DA:690,1
DA:691,1
DA:692,1
DA:695,1
DA:696,1
DA:697,1
DA:698,1
DA:699,1
DA:700,1
DA:701,1
DA:702,1
DA:703,1
DA:704,1
DA:705,1
DA:706,1
DA:707,1
DA:708,1
DA:709,1
BRF:0
BRH:0
LF:364
LH:249
end_of_record
SF:/home/vtriple/rome/gguf/src/format/types.rs
FN:178,_RNvMNtNtCs9PFg2kny9HE_4gguf6format5typesNtB2_13GGUFValueType9alignment
FN:447,_RNvXs1_NtNtCs9PFg2kny9HE_4gguf6format5typesNtB5_14GGUFTensorTypeNtNtCs9sjCchOt1K7_4core3fmt7Display3fmt
FN:513,_RNvNtNtNtCs9PFg2kny9HE_4gguf6format5types5testss_26test_value_type_properties
FN:529,_RNvNtNtNtCs9PFg2kny9HE_4gguf6format5types5testss_27test_tensor_type_properties
FN:547,_RNvNtNtNtCs9PFg2kny9HE_4gguf6format5types5testss_28test_tensor_size_calculation
FN:497,_RNvNtNtNtCs9PFg2kny9HE_4gguf6format5types5testss_31test_gguf_value_type_conversion
FN:505,_RNvNtNtNtCs9PFg2kny9HE_4gguf6format5types5testss_32test_gguf_tensor_type_conversion
FN:143,_RNvMNtNtCs9PFg2kny9HE_4gguf6format5typesNtB2_13GGUFValueType13size_in_bytes
FN:155,_RNvMNtNtCs9PFg2kny9HE_4gguf6format5typesNtB2_13GGUFValueType16is_variable_size
FN:189,_RNvMNtNtCs9PFg2kny9HE_4gguf6format5typesNtB2_13GGUFValueType4name
FN:123,_RNvMNtNtCs9PFg2kny9HE_4gguf6format5typesNtB2_13GGUFValueType8from_u32
FN:173,_RNvMNtNtCs9PFg2kny9HE_4gguf6format5typesNtB2_13GGUFValueType8is_float
FN:160,_RNvMNtNtCs9PFg2kny9HE_4gguf6format5typesNtB2_13GGUFValueType9is_signed
FN:262,_RNvMs_NtNtCs9PFg2kny9HE_4gguf6format5typesNtB4_14GGUFTensorType10block_size
FN:307,_RNvMs_NtNtCs9PFg2kny9HE_4gguf6format5typesNtB4_14GGUFTensorType10is_k_quant
FN:320,_RNvMs_NtNtCs9PFg2kny9HE_4gguf6format5typesNtB4_14GGUFTensorType11is_iq_quant
FN:249,_RNvMs_NtNtCs9PFg2kny9HE_4gguf6format5typesNtB4_14GGUFTensorType12element_size
FN:292,_RNvMs_NtNtCs9PFg2kny9HE_4gguf6format5typesNtB4_14GGUFTensorType12is_quantized
FN:375,_RNvMs_NtNtCs9PFg2kny9HE_4gguf6format5typesNtB4_14GGUFTensorType14calculate_size
FN:337,_RNvMs_NtNtCs9PFg2kny9HE_4gguf6format5typesNtB4_14GGUFTensorType4name
FN:210,_RNvMs_NtNtCs9PFg2kny9HE_4gguf6format5typesNtB4_14GGUFTensorType8from_u32
FN:419,_RNvXs0_NtNtCs9PFg2kny9HE_4gguf6format5typesNtB5_13GGUFValueTypeNtNtCs9sjCchOt1K7_4core3fmt7Display3fmt
FNDA:0,_RNvMNtNtCs9PFg2kny9HE_4gguf6format5typesNtB2_13GGUFValueType9alignment
FNDA:0,_RNvXs1_NtNtCs9PFg2kny9HE_4gguf6format5typesNtB5_14GGUFTensorTypeNtNtCs9sjCchOt1K7_4core3fmt7Display3fmt
FNDA:1,_RNvNtNtNtCs9PFg2kny9HE_4gguf6format5types5testss_26test_value_type_properties
FNDA:1,_RNvNtNtNtCs9PFg2kny9HE_4gguf6format5types5testss_27test_tensor_type_properties
FNDA:1,_RNvNtNtNtCs9PFg2kny9HE_4gguf6format5types5testss_28test_tensor_size_calculation
FNDA:1,_RNvNtNtNtCs9PFg2kny9HE_4gguf6format5types5testss_31test_gguf_value_type_conversion
FNDA:1,_RNvNtNtNtCs9PFg2kny9HE_4gguf6format5types5testss_32test_gguf_tensor_type_conversion
FNDA:3,_RNvMNtNtCs9PFg2kny9HE_4gguf6format5typesNtB2_13GGUFValueType13size_in_bytes
FNDA:2,_RNvMNtNtCs9PFg2kny9HE_4gguf6format5typesNtB2_13GGUFValueType16is_variable_size
FNDA:2,_RNvMNtNtCs9PFg2kny9HE_4gguf6format5typesNtB2_13GGUFValueType4name
FNDA:27,_RNvMNtNtCs9PFg2kny9HE_4gguf6format5typesNtB2_13GGUFValueType8from_u32
FNDA:2,_RNvMNtNtCs9PFg2kny9HE_4gguf6format5typesNtB2_13GGUFValueType8is_float
FNDA:2,_RNvMNtNtCs9PFg2kny9HE_4gguf6format5typesNtB2_13GGUFValueType9is_signed
FNDA:177,_RNvMs_NtNtCs9PFg2kny9HE_4gguf6format5typesNtB4_14GGUFTensorType10block_size
FNDA:6,_RNvMs_NtNtCs9PFg2kny9HE_4gguf6format5typesNtB4_14GGUFTensorType10is_k_quant
FNDA:5,_RNvMs_NtNtCs9PFg2kny9HE_4gguf6format5typesNtB4_14GGUFTensorType11is_iq_quant
FNDA:91,_RNvMs_NtNtCs9PFg2kny9HE_4gguf6format5typesNtB4_14GGUFTensorType12element_size
FNDA:326,_RNvMs_NtNtCs9PFg2kny9HE_4gguf6format5typesNtB4_14GGUFTensorType12is_quantized
FNDA:85,_RNvMs_NtNtCs9PFg2kny9HE_4gguf6format5typesNtB4_14GGUFTensorType14calculate_size
FNDA:178,_RNvMs_NtNtCs9PFg2kny9HE_4gguf6format5typesNtB4_14GGUFTensorType4name
FNDA:35,_RNvMs_NtNtCs9PFg2kny9HE_4gguf6format5typesNtB4_14GGUFTensorType8from_u32
FNDA:2,_RNvXs0_NtNtCs9PFg2kny9HE_4gguf6format5typesNtB5_13GGUFValueTypeNtNtCs9sjCchOt1K7_4core3fmt7Display3fmt
FNF:22
FNH:20
DA:123,27
DA:124,27
DA:125,1
DA:126,0
DA:127,0
DA:128,0
DA:129,0
DA:130,1
DA:131,1
DA:132,0
DA:133,21
DA:134,0
DA:135,1
DA:136,0
DA:137,1
DA:138,1
DA:140,27
DA:143,3
DA:144,3
DA:145,1
DA:146,0
DA:147,1
DA:148,0
DA:150,1
DA:152,3
DA:155,2
DA:156,2
DA:157,2
DA:160,2
DA:161,1
DA:162,2
DA:170,2
DA:173,2
DA:174,2
DA:175,2
DA:178,0
DA:179,0
DA:180,0
DA:181,0
DA:182,0
DA:183,0
DA:184,0
DA:186,0
DA:189,2
DA:190,2
DA:191,0
DA:192,0
DA:193,0
DA:194,0
DA:195,1
DA:196,0
DA:197,0
DA:198,0
DA:199,1
DA:200,0
DA:201,0
DA:202,0
DA:203,0
DA:205,2
DA:210,35
DA:211,35
DA:212,32
DA:213,0
DA:214,1
DA:215,0
DA:216,0
DA:217,0
DA:218,0
DA:219,0
DA:220,0
DA:221,0
DA:222,0
DA:223,0
DA:224,0
DA:225,0
DA:226,0
DA:227,0
DA:228,0
DA:229,0
DA:230,0
DA:231,0
DA:232,0
DA:233,0
DA:234,0
DA:235,0
DA:236,0
DA:237,0
DA:238,0
DA:239,0
DA:240,1
DA:241,0
DA:242,0
DA:243,0
DA:244,1
DA:246,35
DA:249,91
DA:250,91
DA:251,87
DA:252,4
DA:253,0
DA:254,0
DA:257,0
DA:259,91
DA:262,177
DA:263,177
DA:267,28
DA:268,11
DA:274,34
DA:285,51
DA:287,53
DA:289,177
DA:292,326
DA:293,183
DA:294,326
DA:304,326
DA:307,6
DA:308,4
DA:309,6
DA:317,6
DA:320,5
DA:321,3
DA:322,5
DA:334,5
DA:337,178
DA:338,178
DA:339,12
DA:340,6
DA:341,9
DA:342,5
DA:343,5
DA:344,5
DA:345,5
DA:346,5
DA:347,6
DA:348,5
DA:349,6
DA:350,5
DA:351,7
DA:352,5
DA:353,5
DA:354,6
DA:355,5
DA:356,5
DA:357,5
DA:358,6
DA:359,5
DA:360,5
DA:361,5
DA:362,5
DA:363,5
DA:364,5
DA:365,5
DA:366,5
DA:367,5
DA:368,5
DA:369,5
DA:370,5
DA:372,178
DA:375,85
DA:376,85
DA:377,81
DA:378,4
DA:379,4
DA:380,4
DA:381,4
DA:382,4
DA:383,4
DA:384,4
DA:385,0
DA:386,0
DA:387,0
DA:388,0
DA:389,0
DA:392,0
DA:393,0
DA:394,0
DA:395,0
DA:396,0
DA:397,0
DA:400,0
DA:401,0
DA:402,0
DA:403,0
DA:404,0
DA:405,0
DA:406,0
DA:407,0
DA:408,0
DA:409,0
DA:412,0
DA:414,85
DA:419,2
DA:420,2
DA:421,2
DA:447,0
DA:448,0
DA:449,0
DA:497,1
DA:498,1
DA:499,1
DA:500,1
DA:501,1
DA:502,1
DA:505,1
DA:506,1
DA:507,1
DA:508,1
DA:509,1
DA:510,1
DA:513,1
DA:514,1
DA:515,1
DA:516,1
DA:518,1
DA:519,1
DA:521,1
DA:522,1
DA:524,1
DA:525,1
DA:526,1
DA:529,1
DA:530,1
DA:531,1
DA:533,1
DA:534,1
DA:536,1
DA:537,1
DA:539,1
DA:540,1
DA:542,1
DA:543,1
DA:544,1
DA:547,1
DA:548,1
DA:549,1
DA:550,1
DA:553,1
DA:554,1
DA:556,1
DA:557,1
DA:558,1
BRF:0
BRH:0
LF:241
LH:156
end_of_record
SF:/home/vtriple/rome/gguf/src/metadata.rs
FN:42,_RNvMNtCs9PFg2kny9HE_4gguf8metadataNtB2_8Metadata3get
FN:47,_RNvMNtCs9PFg2kny9HE_4gguf8metadataNtB2_8Metadata3len
FN:32,_RNvMNtCs9PFg2kny9HE_4gguf8metadataNtB2_8Metadata3new
FN:37,_RNvMNtCs9PFg2kny9HE_4gguf8metadataNtB2_8Metadata6insert
FN:52,_RNvMNtCs9PFg2kny9HE_4gguf8metadataNtB2_8Metadata8is_empty
FNDA:0,_RNvMNtCs9PFg2kny9HE_4gguf8metadataNtB2_8Metadata3get
FNDA:0,_RNvMNtCs9PFg2kny9HE_4gguf8metadataNtB2_8Metadata3len
FNDA:0,_RNvMNtCs9PFg2kny9HE_4gguf8metadataNtB2_8Metadata3new
FNDA:0,_RNvMNtCs9PFg2kny9HE_4gguf8metadataNtB2_8Metadata6insert
FNDA:0,_RNvMNtCs9PFg2kny9HE_4gguf8metadataNtB2_8Metadata8is_empty
FNF:5
FNH:0
DA:32,0
DA:33,0
DA:34,0
DA:37,0
DA:38,0
DA:39,0
DA:42,0
DA:43,0
DA:44,0
DA:47,0
DA:48,0
DA:49,0
DA:52,0
DA:53,0
DA:54,0
BRF:0
BRH:0
LF:15
LH:0
end_of_record
SF:/home/vtriple/rome/gguf/src/reader/file_reader.rs
FN:472,_RINvNtNtCs9PFg2kny9HE_4gguf6reader11file_reader14open_gguf_filepEB6_
FN:479,_RINvNtNtCs9PFg2kny9HE_4gguf6reader11file_reader26open_gguf_file_with_configpEB6_
FN:411,_RNvMs_NtNtCs9PFg2kny9HE_4gguf6reader11file_readerINtB4_14GGUFFileReaderpE10into_innerB8_
FN:184,_RNvMs_NtNtCs9PFg2kny9HE_4gguf6reader11file_readerINtB4_14GGUFFileReaderpE12tensor_infosB8_
FN:264,_RNvMs_NtNtCs9PFg2kny9HE_4gguf6reader11file_readerINtB4_14GGUFFileReaderpE18tensor_data_offsetB8_
FN:248,_RNvMs_NtNtCs9PFg2kny9HE_4gguf6reader11file_readerINtB4_14GGUFFileReaderpE19read_tensor_data_atB8_
FN:379,_RNvMs_NtNtCs9PFg2kny9HE_4gguf6reader11file_readerINtB4_14GGUFFileReaderpE22unload_all_tensor_dataB8_
FN:367,_RNvMs_NtNtCs9PFg2kny9HE_4gguf6reader11file_readerINtB4_14GGUFFileReaderpE4seekB8_
FN:259,_RNvMs_NtNtCs9PFg2kny9HE_4gguf6reader11file_readerINtB4_14GGUFFileReaderpE8positionB8_
FN:528,_RNvNtNtNtCs9PFg2kny9HE_4gguf6reader11file_reader5tests24create_minimal_gguf_data
FN:615,_RNvNtNtNtCs9PFg2kny9HE_4gguf6reader11file_reader5testss_17test_file_summary
FN:629,_RNvNtNtNtCs9PFg2kny9HE_4gguf6reader11file_reader5testss_17test_memory_usage
FN:653,_RNvNtNtNtCs9PFg2kny9HE_4gguf6reader11file_reader5testss_18test_eager_loading
FN:693,_RNvNtNtNtCs9PFg2kny9HE_4gguf6reader11file_reader5testss_20test_file_size_limit
FN:664,_RNvNtNtNtCs9PFg2kny9HE_4gguf6reader11file_reader5testss_22test_selective_loading
FN:593,_RNvNtNtNtCs9PFg2kny9HE_4gguf6reader11file_reader5testss_22test_tensor_operations
FN:576,_RNvNtNtNtCs9PFg2kny9HE_4gguf6reader11file_reader5testss_23test_gguf_reader_config
FN:644,_RNvNtNtNtCs9PFg2kny9HE_4gguf6reader11file_reader5testss_25test_integrity_validation
FN:675,_RNvNtNtNtCs9PFg2kny9HE_4gguf6reader11file_reader5testss_28test_display_implementations
FN:565,_RNvNtNtNtCs9PFg2kny9HE_4gguf6reader11file_reader5testss_30test_gguf_file_reader_creation
FN:670,_RNCNvNtNtNtCs9PFg2kny9HE_4gguf6reader11file_reader5testss_22test_selective_loading0B9_
FN:452,_RNvMs0_NtNtCs9PFg2kny9HE_4gguf6reader11file_readerNtB5_15GGUFMemoryUsage14overhead_bytes
FN:462,_RNvMs0_NtNtCs9PFg2kny9HE_4gguf6reader11file_readerNtB5_15GGUFMemoryUsage17compression_ratio
FN:457,_RNvMs0_NtNtCs9PFg2kny9HE_4gguf6reader11file_readerNtB5_15GGUFMemoryUsage18total_loaded_bytes
FN:92,_RNvXNtNtCs9PFg2kny9HE_4gguf6reader11file_readerNtB2_16GGUFReaderConfigNtNtCs9sjCchOt1K7_4core7default7Default7default
FN:489,_RNvXs1_NtNtCs9PFg2kny9HE_4gguf6reader11file_readerNtB5_15GGUFFileSummaryNtNtCs9sjCchOt1K7_4core3fmt7Display3fmt
FN:507,_RNvXs2_NtNtCs9PFg2kny9HE_4gguf6reader11file_readerNtB5_15GGUFMemoryUsageNtNtCs9sjCchOt1K7_4core3fmt7Display3fmt
FN:386,_RINvMs_NtNtCs9PFg2kny9HE_4gguf6reader11file_readerINtB5_14GGUFFileReaderINtNtNtCseJswNlh1fGO_3std2io6cursor6CursorINtNtCs6bBekJvxEMJ_5alloc3vec3VechEEE21load_tensors_matchingNCNvNtB5_5testss_22test_selective_loading0EB9_
FN:394,_RNCINvMs_NtNtCs9PFg2kny9HE_4gguf6reader11file_readerINtB7_14GGUFFileReaderINtNtNtCseJswNlh1fGO_3std2io6cursor6CursorINtNtCs6bBekJvxEMJ_5alloc3vec3VechEEE21load_tensors_matchingNCNvNtB7_5testss_22test_selective_loading0E0Bb_
FN:400,_RNCINvMs_NtNtCs9PFg2kny9HE_4gguf6reader11file_readerINtB7_14GGUFFileReaderINtNtNtCseJswNlh1fGO_3std2io6cursor6CursorINtNtCs6bBekJvxEMJ_5alloc3vec3VechEEE21load_tensors_matchingNCNvNtB7_5testss_22test_selective_loading0Es0_0Bb_
FN:395,_RNCINvMs_NtNtCs9PFg2kny9HE_4gguf6reader11file_readerINtB7_14GGUFFileReaderINtNtNtCseJswNlh1fGO_3std2io6cursor6CursorINtNtCs6bBekJvxEMJ_5alloc3vec3VechEEE21load_tensors_matchingNCNvNtB7_5testss_22test_selective_loading0Es_0Bb_
FN:359,_RNCNvMs_NtNtCs9PFg2kny9HE_4gguf6reader11file_readerINtB6_14GGUFFileReaderINtNtNtCseJswNlh1fGO_3std2io6cursor6CursorINtNtCs6bBekJvxEMJ_5alloc3vec3VechEEE12memory_usage0Ba_
FN:195,_RNCNvMs_NtNtCs9PFg2kny9HE_4gguf6reader11file_readerINtB6_14GGUFFileReaderINtNtNtCseJswNlh1fGO_3std2io6cursor6CursorINtNtCs6bBekJvxEMJ_5alloc3vec3VechEEE12tensor_names0Ba_
FN:190,_RNCNvMs_NtNtCs9PFg2kny9HE_4gguf6reader11file_readerINtB6_14GGUFFileReaderINtNtNtCseJswNlh1fGO_3std2io6cursor6CursorINtNtCs6bBekJvxEMJ_5alloc3vec3VechEEE15get_tensor_info0Ba_
[...]
DA:339,1
DA:340,1
DA:341,1
DA:344,0
DA:345,0
DA:346,0
DA:347,0
DA:352,0
DA:353,0
DA:354,0
DA:357,0
DA:358,0
DA:359,0
DA:360,0
DA:361,0
DA:362,0
DA:365,0
DA:366,0
DA:367,0
DA:368,0
DA:369,0
DA:370,0
DA:371,0
DA:372,0
DA:373,0
DA:374,0
DA:377,0
DA:380,0
DA:382,0
DA:383,0
DA:386,0
DA:387,0
DA:388,0
DA:389,0
DA:390,0
DA:391,0
DA:392,0
DA:393,0
DA:394,0
DA:395,0
DA:398,0
DA:400,0
DA:401,0
DA:402,0
DA:403,0
DA:404,0
DA:405,0
DA:406,0
DA:407,0
DA:408,0
DA:409,0
DA:412,0
DA:413,0
DA:414,0
DA:415,0
DA:416,0
DA:417,0
DA:418,0
DA:421,0
DA:425,0
DA:427,0
DA:428,0
DA:452,2
DA:453,2
DA:454,2
DA:457,2
DA:458,2
DA:459,2
DA:460,2
DA:461,2
DA:462,2
DA:465,1
DA:466,1
DA:467,0
DA:469,1
DA:471,1
DA:475,1
DA:476,1
DA:477,1
DA:478,1
DA:479,1
DA:480,1
DA:481,1
DA:482,1
DA:483,1
DA:484,1
DA:485,1
DA:488,0
DA:489,0
DA:490,0
DA:491,0
DA:492,0
DA:493,0
DA:494,0
DA:495,0
DA:496,0
DA:497,0
DA:498,0
DA:499,0
DA:502,1
DA:503,1
DA:504,1
DA:505,1
DA:509,1
DA:510,1
DA:512,0
DA:515,1
DA:519,1
DA:520,1
DA:521,1
DA:522,1
DA:523,1
DA:524,1
DA:525,1
DA:526,1
DA:527,1
DA:528,1
DA:529,1
DA:531,1
DA:532,1
DA:541,7
DA:542,7
DA:543,7
DA:544,7
DA:545,7
DA:546,7
DA:548,4
DA:549,4
DA:550,4
DA:551,4
DA:552,4
DA:553,4
DA:556,1
DA:557,1
DA:558,1
DA:559,1
DA:560,1
DA:561,1
DA:562,1
DA:563,1
DA:566,1
DA:567,1
DA:568,1
DA:569,1
DA:570,1
DA:571,1
DA:572,1
DA:573,1
DA:576,1
DA:577,1
DA:578,1
DA:579,1
DA:580,1
DA:581,1
DA:582,1
DA:583,1
DA:584,1
DA:585,1
DA:586,1
DA:589,1
DA:590,1
DA:591,1
DA:592,1
DA:593,1
DA:594,1
DA:595,1
DA:596,1
DA:597,1
DA:598,1
DA:599,1
DA:600,1
DA:601,1
DA:602,1
DA:605,1
DA:606,1
DA:607,1
DA:608,1
DA:609,1
DA:610,1
DA:611,1
DA:612,1
DA:613,1
DA:614,1
DA:615,1
DA:616,1
DA:617,1
DA:618,1
DA:619,1
DA:622,1
DA:623,1
DA:624,1
DA:625,1
DA:626,1
DA:627,1
DA:628,1
DA:629,1
DA:630,1
DA:633,1
DA:634,1
DA:635,1
DA:636,1
DA:637,1
DA:638,1
DA:639,1
DA:642,1
DA:643,1
DA:644,1
DA:645,1
DA:646,1
DA:647,1
DA:648,1
DA:649,1
DA:650,1
DA:651,1
DA:652,1
DA:653,1
DA:654,1
DA:655,1
DA:656,1
DA:657,1
DA:658,1
DA:659,1
DA:660,1
DA:661,1
DA:664,1
DA:665,1
DA:666,1
DA:667,1
DA:670,1
DA:671,1
DA:672,1
DA:673,1
DA:674,1
DA:675,1
DA:676,1
DA:677,1
DA:678,1
DA:679,1
DA:680,1
DA:681,1
DA:682,1
DA:683,1
DA:684,1
DA:685,1
DA:686,1
DA:687,1
DA:688,1
DA:689,1
DA:690,1
DA:691,1
DA:694,1
DA:695,1
DA:696,1
DA:697,1
DA:698,1
DA:699,1
DA:700,1
DA:701,1
DA:702,1
DA:703,1
DA:704,1
DA:705,1
DA:706,1
DA:707,1
DA:708,1
DA:709,1
DA:710,1
DA:711,1
DA:712,1
DA:713,1
DA:714,1
DA:715,1
DA:716,1
DA:719,1
DA:722,1
DA:723,1
DA:724,1
DA:725,1
DA:726,1
DA:727,1
DA:728,1
DA:729,1
DA:730,1
DA:733,1
DA:734,1
DA:735,1
DA:738,1
DA:739,1
DA:740,1
DA:741,1
DA:742,1
DA:743,1
DA:744,1
DA:745,1
DA:746,1
DA:747,1
DA:748,1
DA:749,1
DA:750,1
DA:752,1
DA:753,1
DA:754,1
DA:755,1
DA:756,1
DA:757,1
DA:758,1
DA:759,1
DA:760,1
DA:761,1
DA:762,1
DA:763,1
DA:764,1
DA:765,1
DA:766,1
DA:767,1
DA:768,1
DA:769,1
DA:770,1
DA:771,1
DA:772,1
DA:773,1
DA:774,1
DA:775,1
BRF:0
BRH:0
LF:524
LH:442
end_of_record
SF:/home/vtriple/rome/gguf/src/writer/stream_writer.rs
FN:352,_RNvMs_NtNtCs9PFg2kny9HE_4gguf6writer13stream_writerINtB4_16GGUFStreamWriterpE10into_innerB8_
FN:328,_RNvMs_NtNtCs9PFg2kny9HE_4gguf6writer13stream_writerINtB4_16GGUFStreamWriterpE8finalizeB8_
FN:246,_RINvMs_NtNtCs9PFg2kny9HE_4gguf6writer13stream_writerINtB5_16GGUFStreamWriterINtNtCs6bBekJvxEMJ_5alloc3vec3VechEE25write_tensor_data_chunkedINtNtNtCseJswNlh1fGO_3std2io6cursor6CursorB1c_EEB9_
FN:379,_RNCNvMs0_NtNtCs9PFg2kny9HE_4gguf6writer13stream_writerNtB7_25CompleteStreamWriteResult17tensor_data_bytes0Bb_
FN:295,_RNCNvMs_NtNtCs9PFg2kny9HE_4gguf6writer13stream_writerINtB6_16GGUFStreamWriterINtNtCs6bBekJvxEMJ_5alloc3vec3VechEE21write_complete_stream0Ba_
FN:314,_RNCNvMs_NtNtCs9PFg2kny9HE_4gguf6writer13stream_writerINtB6_16GGUFStreamWriterINtNtCs6bBekJvxEMJ_5alloc3vec3VechEE21write_complete_streams_0Ba_
FN:414,_RNvMs1_NtNtCs9PFg2kny9HE_4gguf6writer13stream_writerINtB5_20StreamingGGUFBuilderINtNtCs6bBekJvxEMJ_5alloc3vec3VechEE10add_tensorB9_
FN:409,_RNvMs1_NtNtCs9PFg2kny9HE_4gguf6writer13stream_writerINtB5_20StreamingGGUFBuilderINtNtCs6bBekJvxEMJ_5alloc3vec3VechEE12add_metadataB9_
FN:424,_RNvMs1_NtNtCs9PFg2kny9HE_4gguf6writer13stream_writerINtB5_20StreamingGGUFBuilderINtNtCs6bBekJvxEMJ_5alloc3vec3VechEE12tensor_countB9_
FN:429,_RNvMs1_NtNtCs9PFg2kny9HE_4gguf6writer13stream_writerINtB5_20StreamingGGUFBuilderINtNtCs6bBekJvxEMJ_5alloc3vec3VechEE13metadata_sizeB9_
FN:400,_RNvMs1_NtNtCs9PFg2kny9HE_4gguf6writer13stream_writerINtB5_20StreamingGGUFBuilderINtNtCs6bBekJvxEMJ_5alloc3vec3VechEE3newB9_
FN:419,_RNvMs1_NtNtCs9PFg2kny9HE_4gguf6writer13stream_writerINtB5_20StreamingGGUFBuilderINtNtCs6bBekJvxEMJ_5alloc3vec3VechEE5buildB9_
FN:347,_RNvMs_NtNtCs9PFg2kny9HE_4gguf6writer13stream_writerINtB4_16GGUFStreamWriterINtNtCs6bBekJvxEMJ_5alloc3vec3VechEE11is_finishedB8_
FN:84,_RNvMs_NtNtCs9PFg2kny9HE_4gguf6writer13stream_writerINtB4_16GGUFStreamWriterINtNtCs6bBekJvxEMJ_5alloc3vec3VechEE11with_configB8_
FN:95,_RNvMs_NtNtCs9PFg2kny9HE_4gguf6writer13stream_writerINtB4_16GGUFStreamWriterINtNtCs6bBekJvxEMJ_5alloc3vec3VechEE12write_headerB8_
FN:119,_RNvMs_NtNtCs9PFg2kny9HE_4gguf6writer13stream_writerINtB4_16GGUFStreamWriterINtNtCs6bBekJvxEMJ_5alloc3vec3VechEE14write_metadataB8_
FN:209,_RNvMs_NtNtCs9PFg2kny9HE_4gguf6writer13stream_writerINtB4_16GGUFStreamWriterINtNtCs6bBekJvxEMJ_5alloc3vec3VechEE17write_tensor_dataB8_
FN:135,_RNvMs_NtNtCs9PFg2kny9HE_4gguf6writer13stream_writerINtB4_16GGUFStreamWriterINtNtCs6bBekJvxEMJ_5alloc3vec3VechEE18write_tensor_infosB8_
FN:187,_RNvMs_NtNtCs9PFg2kny9HE_4gguf6writer13stream_writerINtB4_16GGUFStreamWriterINtNtCs6bBekJvxEMJ_5alloc3vec3VechEE21align_for_tensor_dataB8_
FN:281,_RNvMs_NtNtCs9PFg2kny9HE_4gguf6writer13stream_writerINtB4_16GGUFStreamWriterINtNtCs6bBekJvxEMJ_5alloc3vec3VechEE21write_complete_streamB8_
FN:79,_RNvMs_NtNtCs9PFg2kny9HE_4gguf6writer13stream_writerINtB4_16GGUFStreamWriterINtNtCs6bBekJvxEMJ_5alloc3vec3VechEE3newB8_
FN:342,_RNvMs_NtNtCs9PFg2kny9HE_4gguf6writer13stream_writerINtB4_16GGUFStreamWriterINtNtCs6bBekJvxEMJ_5alloc3vec3VechEE5stateB8_
FN:337,_RNvMs_NtNtCs9PFg2kny9HE_4gguf6writer13stream_writerINtB4_16GGUFStreamWriterINtNtCs6bBekJvxEMJ_5alloc3vec3VechEE8positionB8_
FN:462,_RNvNtNtNtCs9PFg2kny9HE_4gguf6writer13stream_writer5tests17create_test_setup
FN:583,_RNvNtNtNtCs9PFg2kny9HE_4gguf6writer13stream_writer5testss_20test_chunked_writing
FN:535,_RNvNtNtNtCs9PFg2kny9HE_4gguf6writer13stream_writer5testss_22test_streaming_builder
FN:554,_RNvNtNtNtCs9PFg2kny9HE_4gguf6writer13stream_writer5testss_22test_tensor_validation
FN:484,_RNvNtNtNtCs9PFg2kny9HE_4gguf6writer13stream_writer5testss_25test_stream_writer_states
FN:503,_RNvNtNtNtCs9PFg2kny9HE_4gguf6writer13stream_writer5testss_26test_write_complete_stream
FN:474,_RNvNtNtNtCs9PFg2kny9HE_4gguf6writer13stream_writer5testss_27test_stream_writer_creation
FN:611,_RNvNtNtNtCs9PFg2kny9HE_4gguf6writer13stream_writer5testss_28test_display_implementations
FN:516,_RNvNtNtNtCs9PFg2kny9HE_4gguf6writer13stream_writer5testss_30test_invalid_state_transitions
FN:383,_RNvMs0_NtNtCs9PFg2kny9HE_4gguf6writer13stream_writerNtB5_25CompleteStreamWriteResult14overhead_bytes
FN:378,_RNvMs0_NtNtCs9PFg2kny9HE_4gguf6writer13stream_writerNtB5_25CompleteStreamWriteResult17tensor_data_bytes
FN:38,_RNvXNtNtCs9PFg2kny9HE_4gguf6writer13stream_writerNtB2_18StreamWriterConfigNtNtCs9sjCchOt1K7_4core7default7Default7default
FN:435,_RNvXs2_NtNtCs9PFg2kny9HE_4gguf6writer13stream_writerNtB5_17StreamWriteResultNtNtCs9sjCchOt1K7_4core3fmt7Display3fmt
FN:445,_RNvXs3_NtNtCs9PFg2kny9HE_4gguf6writer13stream_writerNtB5_25CompleteStreamWriteResultNtNtCs9sjCchOt1K7_4core3fmt7Display3fmt
FNDA:0,_RNvMs_NtNtCs9PFg2kny9HE_4gguf6writer13stream_writerINtB4_16GGUFStreamWriterpE10into_innerB8_
FNDA:0,_RNvMs_NtNtCs9PFg2kny9HE_4gguf6writer13stream_writerINtB4_16GGUFStreamWriterpE8finalizeB8_
FNDA:1,_RINvMs_NtNtCs9PFg2kny9HE_4gguf6writer13stream_writerINtB5_16GGUFStreamWriterINtNtCs6bBekJvxEMJ_5alloc3vec3VechEE25write_tensor_data_chunkedINtNtNtCseJswNlh1fGO_3std2io6cursor6CursorB1c_EEB9_
FNDA:1,_RNCNvMs0_NtNtCs9PFg2kny9HE_4gguf6writer13stream_writerNtB7_25CompleteStreamWriteResult17tensor_data_bytes0Bb_
FNDA:2,_RNCNvMs_NtNtCs9PFg2kny9HE_4gguf6writer13stream_writerINtB6_16GGUFStreamWriterINtNtCs6bBekJvxEMJ_5alloc3vec3VechEE21write_complete_stream0Ba_
FNDA:2,_RNCNvMs_NtNtCs9PFg2kny9HE_4gguf6writer13stream_writerINtB6_16GGUFStreamWriterINtNtCs6bBekJvxEMJ_5alloc3vec3VechEE21write_complete_streams_0Ba_
FNDA:1,_RNvMs1_NtNtCs9PFg2kny9HE_4gguf6writer13stream_writerINtB5_20StreamingGGUFBuilderINtNtCs6bBekJvxEMJ_5alloc3vec3VechEE10add_tensorB9_
FNDA:1,_RNvMs1_NtNtCs9PFg2kny9HE_4gguf6writer13stream_writerINtB5_20StreamingGGUFBuilderINtNtCs6bBekJvxEMJ_5alloc3vec3VechEE12add_metadataB9_
FNDA:1,_RNvMs1_NtNtCs9PFg2kny9HE_4gguf6writer13stream_writerINtB5_20StreamingGGUFBuilderINtNtCs6bBekJvxEMJ_5alloc3vec3VechEE12tensor_countB9_
FNDA:1,_RNvMs1_NtNtCs9PFg2kny9HE_4gguf6writer13stream_writerINtB5_20StreamingGGUFBuilderINtNtCs6bBekJvxEMJ_5alloc3vec3VechEE13metadata_sizeB9_
FNDA:1,_RNvMs1_NtNtCs9PFg2kny9HE_4gguf6writer13stream_writerINtB5_20StreamingGGUFBuilderINtNtCs6bBekJvxEMJ_5alloc3vec3VechEE3newB9_
FNDA:1,_RNvMs1_NtNtCs9PFg2kny9HE_4gguf6writer13stream_writerINtB5_20StreamingGGUFBuilderINtNtCs6bBekJvxEMJ_5alloc3vec3VechEE5buildB9_
FNDA:2,_RNvMs_NtNtCs9PFg2kny9HE_4gguf6writer13stream_writerINtB4_16GGUFStreamWriterINtNtCs6bBekJvxEMJ_5alloc3vec3VechEE11is_finishedB8_
FNDA:7,_RNvMs_NtNtCs9PFg2kny9HE_4gguf6writer13stream_writerINtB4_16GGUFStreamWriterINtNtCs6bBekJvxEMJ_5alloc3vec3VechEE11with_configB8_
FNDA:6,_RNvMs_NtNtCs9PFg2kny9HE_4gguf6writer13stream_writerINtB4_16GGUFStreamWriterINtNtCs6bBekJvxEMJ_5alloc3vec3VechEE12write_headerB8_
FNDA:7,_RNvMs_NtNtCs9PFg2kny9HE_4gguf6writer13stream_writerINtB4_16GGUFStreamWriterINtNtCs6bBekJvxEMJ_5alloc3vec3VechEE14write_metadataB8_
FNDA:4,_RNvMs_NtNtCs9PFg2kny9HE_4gguf6writer13stream_writerINtB4_16GGUFStreamWriterINtNtCs6bBekJvxEMJ_5alloc3vec3VechEE17write_tensor_dataB8_
FNDA:4,_RNvMs_NtNtCs9PFg2kny9HE_4gguf6writer13stream_writerINtB4_16GGUFStreamWriterINtNtCs6bBekJvxEMJ_5alloc3vec3VechEE18write_tensor_infosB8_
FNDA:4,_RNvMs_NtNtCs9PFg2kny9HE_4gguf6writer13stream_writerINtB4_16GGUFStreamWriterINtNtCs6bBekJvxEMJ_5alloc3vec3VechEE21align_for_tensor_dataB8_
FNDA:2,_RNvMs_NtNtCs9PFg2kny9HE_4gguf6writer13stream_writerINtB4_16GGUFStreamWriterINtNtCs6bBekJvxEMJ_5alloc3vec3VechEE21write_complete_streamB8_
FNDA:6,_RNvMs_NtNtCs9PFg2kny9HE_4gguf6writer13stream_writerINtB4_16GGUFStreamWriterINtNtCs6bBekJvxEMJ_5alloc3vec3VechEE3newB8_
FNDA:4,_RNvMs_NtNtCs9PFg2kny9HE_4gguf6writer13stream_writerINtB4_16GGUFStreamWriterINtNtCs6bBekJvxEMJ_5alloc3vec3VechEE5stateB8_
FNDA:1,_RNvMs_NtNtCs9PFg2kny9HE_4gguf6writer13stream_writerINtB4_16GGUFStreamWriterINtNtCs6bBekJvxEMJ_5alloc3vec3VechEE8positionB8_
FNDA:5,_RNvNtNtNtCs9PFg2kny9HE_4gguf6writer13stream_writer5tests17create_test_setup
FNDA:1,_RNvNtNtNtCs9PFg2kny9HE_4gguf6writer13stream_writer5testss_20test_chunked_writing
FNDA:1,_RNvNtNtNtCs9PFg2kny9HE_4gguf6writer13stream_writer5testss_22test_streaming_builder
FNDA:1,_RNvNtNtNtCs9PFg2kny9HE_4gguf6writer13stream_writer5testss_22test_tensor_validation
FNDA:1,_RNvNtNtNtCs9PFg2kny9HE_4gguf6writer13stream_writer5testss_25test_stream_writer_states
FNDA:1,_RNvNtNtNtCs9PFg2kny9HE_4gguf6writer13stream_writer5testss_26test_write_complete_stream
FNDA:1,_RNvNtNtNtCs9PFg2kny9HE_4gguf6writer13stream_writer5testss_27test_stream_writer_creation
FNDA:1,_RNvNtNtNtCs9PFg2kny9HE_4gguf6writer13stream_writer5testss_28test_display_implementations
FNDA:1,_RNvNtNtNtCs9PFg2kny9HE_4gguf6writer13stream_writer5testss_30test_invalid_state_transitions
FNDA:1,_RNvMs0_NtNtCs9PFg2kny9HE_4gguf6writer13stream_writerNtB5_25CompleteStreamWriteResult14overhead_bytes
FNDA:1,_RNvMs0_NtNtCs9PFg2kny9HE_4gguf6writer13stream_writerNtB5_25CompleteStreamWriteResult17tensor_data_bytes
FNDA:7,_RNvXNtNtCs9PFg2kny9HE_4gguf6writer13stream_writerNtB2_18StreamWriterConfigNtNtCs9sjCchOt1K7_4core7default7Default7default
FNDA:1,_RNvXs2_NtNtCs9PFg2kny9HE_4gguf6writer13stream_writerNtB5_17StreamWriteResultNtNtCs9sjCchOt1K7_4core3fmt7Display3fmt
FNDA:1,_RNvXs3_NtNtCs9PFg2kny9HE_4gguf6writer13stream_writerNtB5_25CompleteStreamWriteResultNtNtCs9sjCchOt1K7_4core3fmt7Display3fmt
FNF:37
FNH:35
DA:38,7
DA:39,7
DA:40,7
DA:41,7
DA:42,7
DA:43,7
DA:44,7
DA:79,6
DA:80,6
DA:81,6
DA:84,7
DA:85,7
DA:86,7
DA:87,7
DA:88,7
DA:89,7
DA:90,7
DA:91,7
DA:92,7
DA:95,6
DA:96,6
DA:97,0
DA:98,6
DA:99,6
DA:100,6
DA:101,6
DA:102,0
DA:104,6
DA:106,6
DA:107,6
DA:108,6
DA:109,6
DA:110,6
DA:111,6
DA:112,6
DA:113,6
DA:114,6
DA:115,6
DA:116,6
DA:119,7
DA:120,7
DA:121,1
DA:122,6
DA:123,6
DA:124,6
DA:126,6
DA:127,6
DA:128,6
DA:129,6
DA:130,6
DA:131,6
DA:132,7
DA:135,4
DA:136,4
DA:137,4
DA:138,4
DA:139,4
DA:140,0
DA:141,4
DA:142,4
DA:143,4
DA:144,4
DA:146,8
DA:147,4
DA:148,4
DA:149,0
DA:152,4
DA:153,4
DA:154,4
DA:155,4
DA:156,4
DA:157,4
DA:158,4
DA:159,4
DA:160,4
DA:161,4
DA:162,4
DA:163,4
DA:164,4
DA:165,4
DA:166,4
DA:167,4
DA:168,4
DA:169,4
DA:170,4
DA:171,4
DA:172,4
DA:175,4
DA:176,4
DA:177,4
DA:178,4
DA:179,4
DA:180,4
DA:181,4
DA:182,4
DA:183,4
DA:184,4
DA:187,4
DA:188,4
DA:189,0
DA:190,4
DA:191,4
DA:192,4
DA:194,4
DA:195,4
DA:196,4
DA:197,4
DA:198,4
DA:200,0
DA:203,4
DA:204,4
DA:205,4
DA:206,4
DA:209,4
DA:210,4
DA:211,4
DA:212,4
DA:213,4
DA:214,4
DA:215,0
DA:216,4
DA:217,4
DA:218,4
DA:219,4
DA:220,4
DA:221,1
DA:222,1
DA:223,1
DA:224,1
DA:225,1
DA:226,1
DA:227,3
DA:228,0
DA:230,3
DA:231,3
DA:233,3
DA:234,3
DA:235,3
DA:236,3
DA:237,3
DA:238,3
DA:239,3
DA:240,3
DA:241,3
DA:242,3
DA:243,4
DA:246,1
DA:247,1
DA:248,1
DA:249,1
DA:250,1
DA:251,1
DA:252,0
DA:253,1
DA:254,1
DA:255,1
DA:256,1
DA:257,1
DA:259,2
DA:260,1
DA:261,1
DA:262,1
DA:263,1
DA:264,1
DA:266,1
DA:269,1
DA:270,1
DA:271,1
DA:272,1
DA:273,1
DA:274,1
DA:275,1
DA:276,1
DA:277,1
DA:278,1
DA:281,2
DA:282,2
DA:283,2
DA:284,2
DA:285,2
DA:286,2
DA:287,2
DA:288,2
DA:291,2
DA:294,2
DA:295,2
DA:296,2
DA:299,2
DA:302,2
DA:303,4
DA:304,2
DA:305,2
DA:308,2
DA:309,2
DA:310,2
DA:311,2
DA:312,2
DA:313,2
DA:314,2
DA:315,2
DA:316,2
DA:317,2
DA:318,2
DA:319,2
DA:320,2
DA:321,2
DA:322,2
DA:323,2
DA:324,2
DA:325,2
DA:328,0
DA:329,0
DA:330,0
DA:331,0
DA:332,0
DA:333,0
DA:334,0
DA:337,1
DA:338,1
DA:339,1
DA:342,4
DA:343,4
DA:344,4
DA:347,2
DA:348,2
DA:349,2
DA:352,0
DA:353,0
DA:354,0
DA:378,1
DA:379,1
DA:380,1
DA:383,1
DA:384,1
DA:385,1
DA:386,1
DA:387,1
DA:388,1
DA:400,1
DA:401,1
DA:402,1
DA:403,1
DA:404,1
DA:405,1
DA:406,1
DA:409,1
DA:410,1
DA:411,1
DA:414,1
DA:415,1
DA:416,1
DA:419,1
DA:420,1
DA:421,1
DA:424,1
DA:425,1
DA:426,1
DA:429,1
DA:430,1
DA:431,1
DA:435,1
DA:436,1
DA:437,1
DA:438,1
DA:439,1
DA:440,1
DA:441,1
DA:445,1
DA:446,1
DA:447,1
DA:448,1
DA:449,1
DA:450,1
DA:451,1
DA:452,1
DA:453,1
DA:462,5
DA:463,5
DA:464,5
DA:465,5
DA:466,5
DA:467,5
DA:468,5
DA:469,5
DA:470,5
DA:471,5
DA:474,1
DA:475,1
DA:476,1
DA:477,1
DA:478,1
DA:479,1
DA:480,1
DA:481,1
DA:484,1
DA:485,1
DA:486,1
DA:487,1
DA:488,1
DA:489,1
DA:492,1
DA:493,1
DA:494,1
DA:497,1
DA:498,1
DA:499,1
DA:500,1
DA:503,1
DA:504,1
DA:505,1
DA:506,1
DA:507,1
DA:508,1
DA:509,1
DA:510,1
DA:511,1
DA:512,1
DA:513,1
DA:516,1
DA:517,1
DA:518,1
DA:519,1
DA:520,1
DA:521,1
DA:522,1
DA:523,1
DA:524,1
DA:527,1
DA:528,1
DA:529,1
DA:530,1
DA:531,1
DA:532,1
DA:535,1
DA:536,1
DA:537,1
DA:538,1
DA:539,1
DA:540,1
DA:541,1
DA:542,1
DA:543,1
DA:544,1
DA:545,1
DA:546,1
DA:547,1
DA:549,1
DA:550,1
DA:551,1
DA:554,1
DA:555,1
DA:556,1
DA:557,1
DA:558,1
DA:559,1
DA:560,1
DA:561,1
DA:562,1
DA:563,1
DA:564,1
DA:565,1
DA:566,1
DA:567,1
DA:568,1
DA:569,1
DA:570,1
DA:571,1
DA:572,1
DA:573,1
DA:574,1
DA:577,1
DA:578,1
DA:579,1
DA:580,1
DA:583,1
DA:586,1
DA:587,1
DA:588,1
DA:589,1
DA:590,1
DA:591,1
DA:592,1
DA:593,1
DA:594,1
DA:595,1
DA:596,1
DA:597,1
DA:598,1
DA:599,1
DA:600,1
DA:601,1
DA:602,1
DA:603,1
DA:604,1
DA:605,1
DA:606,1
DA:607,1
DA:608,1
DA:611,1
DA:612,1
DA:613,1
DA:614,1
DA:615,1
DA:616,1
DA:617,1
DA:618,1
DA:620,1
DA:621,1
DA:622,1
DA:623,1
DA:624,1
DA:625,1
DA:626,1
DA:627,1
DA:628,1
DA:629,1
DA:630,1
DA:631,1
DA:632,1
DA:633,1
DA:634,1
DA:635,1
DA:636,1
DA:637,1
BRF:0
BRH:0
LF:427
LH:408
end_of_record
SF:/home/vtriple/rome/gguf/src/writer/tensor_writer.rs
FN:182,_RNvNtNtNtCs9PFg2kny9HE_4gguf6writer13tensor_writer5testss_18test_tensor_writer
FN:196,_RNvNtNtNtCs9PFg2kny9HE_4gguf6writer13tensor_writer5testss_22test_tensor_validation
FN:80,_RINvMs_NtNtCs9PFg2kny9HE_4gguf6writer13tensor_writerINtB5_12TensorWriterpE20write_tensor_chunkedpEB9_
FN:155,_RNvMs_NtNtCs9PFg2kny9HE_4gguf6writer13tensor_writerINtB4_12TensorWriterpE10into_innerB8_
FN:149,_RNvMs_NtNtCs9PFg2kny9HE_4gguf6writer13tensor_writerINtB4_12TensorWriterpE5flushB8_
FN:161,_RNvXs0_NtNtCs9PFg2kny9HE_4gguf6writer13tensor_writerNtB5_17TensorWriteResultNtNtCs9sjCchOt1K7_4core3fmt7Display3fmt
FN:49,_RNvMs_NtNtCs9PFg2kny9HE_4gguf6writer13tensor_writerINtB4_12TensorWriterINtNtCs6bBekJvxEMJ_5alloc3vec3VechEE12write_tensorB8_
FN:110,_RNvMs_NtNtCs9PFg2kny9HE_4gguf6writer13tensor_writerINtB4_12TensorWriterINtNtCs6bBekJvxEMJ_5alloc3vec3VechEE20validate_tensor_dataB8_
FN:58,_RNvMs_NtNtCs9PFg2kny9HE_4gguf6writer13tensor_writerINtB4_12TensorWriterINtNtCs6bBekJvxEMJ_5alloc3vec3VechEE24write_tensor_with_configB8_
FN:44,_RNvMs_NtNtCs9PFg2kny9HE_4gguf6writer13tensor_writerINtB4_12TensorWriterINtNtCs6bBekJvxEMJ_5alloc3vec3VechEE3newB8_
FN:144,_RNvMs_NtNtCs9PFg2kny9HE_4gguf6writer13tensor_writerINtB4_12TensorWriterINtNtCs6bBekJvxEMJ_5alloc3vec3VechEE8positionB8_
FN:26,_RNvXNtNtCs9PFg2kny9HE_4gguf6writer13tensor_writerNtB2_17TensorWriteConfigNtNtCs9sjCchOt1K7_4core7default7Default7default
FNDA:1,_RNvNtNtNtCs9PFg2kny9HE_4gguf6writer13tensor_writer5testss_18test_tensor_writer
FNDA:1,_RNvNtNtNtCs9PFg2kny9HE_4gguf6writer13tensor_writer5testss_22test_tensor_validation
FNDA:0,_RINvMs_NtNtCs9PFg2kny9HE_4gguf6writer13tensor_writerINtB5_12TensorWriterpE20write_tensor_chunkedpEB9_
FNDA:0,_RNvMs_NtNtCs9PFg2kny9HE_4gguf6writer13tensor_writerINtB4_12TensorWriterpE10into_innerB8_
FNDA:0,_RNvMs_NtNtCs9PFg2kny9HE_4gguf6writer13tensor_writerINtB4_12TensorWriterpE5flushB8_
FNDA:0,_RNvXs0_NtNtCs9PFg2kny9HE_4gguf6writer13tensor_writerNtB5_17TensorWriteResultNtNtCs9sjCchOt1K7_4core3fmt7Display3fmt
FNDA:2,_RNvMs_NtNtCs9PFg2kny9HE_4gguf6writer13tensor_writerINtB4_12TensorWriterINtNtCs6bBekJvxEMJ_5alloc3vec3VechEE12write_tensorB8_
FNDA:2,_RNvMs_NtNtCs9PFg2kny9HE_4gguf6writer13tensor_writerINtB4_12TensorWriterINtNtCs6bBekJvxEMJ_5alloc3vec3VechEE20validate_tensor_dataB8_
FNDA:2,_RNvMs_NtNtCs9PFg2kny9HE_4gguf6writer13tensor_writerINtB4_12TensorWriterINtNtCs6bBekJvxEMJ_5alloc3vec3VechEE24write_tensor_with_configB8_
FNDA:2,_RNvMs_NtNtCs9PFg2kny9HE_4gguf6writer13tensor_writerINtB4_12TensorWriterINtNtCs6bBekJvxEMJ_5alloc3vec3VechEE3newB8_
FNDA:1,_RNvMs_NtNtCs9PFg2kny9HE_4gguf6writer13tensor_writerINtB4_12TensorWriterINtNtCs6bBekJvxEMJ_5alloc3vec3VechEE8positionB8_
FNDA:2,_RNvXNtNtCs9PFg2kny9HE_4gguf6writer13tensor_writerNtB2_17TensorWriteConfigNtNtCs9sjCchOt1K7_4core7default7Default7default
FNF:12
FNH:8
DA:26,2
DA:27,2
DA:28,2
DA:44,2
DA:45,2
DA:46,2
DA:49,2
DA:50,2
DA:51,2
DA:52,2
DA:53,2
DA:54,2
DA:55,2
DA:58,2
DA:59,2
DA:60,2
DA:61,2
DA:62,2
DA:63,2
DA:64,2
DA:65,2
DA:66,0
DA:68,1
DA:69,1
DA:71,1
DA:72,1
DA:74,1
DA:76,1
DA:77,2
DA:80,0
DA:81,0
DA:82,0
DA:83,0
DA:84,0
DA:85,0
DA:86,0
DA:87,0
DA:88,0
DA:90,0
DA:91,0
DA:92,0
DA:93,0
DA:94,0
DA:95,0
DA:97,0
DA:100,0
DA:101,0
DA:102,0
DA:103,0
DA:104,0
DA:105,0
DA:106,0
DA:107,0
DA:110,2
DA:111,2
DA:112,2
DA:113,1
DA:114,1
DA:115,1
DA:116,1
DA:117,1
DA:118,1
DA:119,1
DA:120,1
DA:121,1
DA:122,1
DA:124,1
DA:125,0
DA:126,0
DA:127,0
DA:128,1
DA:131,0
DA:132,0
DA:133,0
DA:134,0
DA:135,0
DA:137,0
DA:140,1
DA:141,2
DA:144,1
DA:145,1
DA:146,1
DA:149,0
DA:150,0
DA:151,0
DA:152,0
DA:155,0
DA:156,0
DA:157,0
DA:161,0
DA:162,0
DA:163,0
DA:164,0
DA:167,0
DA:168,0
DA:170,0
DA:173,0
DA:182,1
DA:183,1
DA:184,1
DA:185,1
DA:186,1
DA:187,1
DA:188,1
DA:189,1
DA:190,1
DA:191,1
DA:192,1
DA:193,1
DA:196,1
DA:197,1
DA:198,1
DA:199,1
DA:200,1
DA:201,1
DA:202,1
DA:203,1
DA:204,1
DA:205,1
DA:206,1
DA:207,1
BRF:0
BRH:0
LF:121
LH:72
end_of_record